/projects/zburcham@colostate.edu/miniconda3/envs/ml_new/lib/python3.7/site-packages/sklearn/externals/joblib/__init__.py:15: FutureWarning: sklearn.externals.joblib is deprecated in 0.21 and will be removed in 0.23. Please import this functionality directly from joblib, which can be installed with: pip install joblib. If this warning is raised when loading pickled models, you may need to re-serialize those models with scikit-learn 0.21+.
  warnings.warn(msg, category=FutureWarning)
/projects/zburcham@colostate.edu/miniconda3/envs/ml_new/lib/python3.7/site-packages/skbio/util/_testing.py:15: FutureWarning: pandas.util.testing is deprecated. Use the functions in the public API at pandas.testing instead.
  import pandas.util.testing as pdt
{'bootstrap': False, 'max_depth': 4, 'max_features': 0.1, 'min_samples_split': 0.001, 'min_weight_fraction_leaf': 0.01}
The best mean error rate is 84.56
Number of steps performed: 21
Optimal number of features : 1106
The best mean absolute error is: 84
Mean Absolute Error: 41.44 ADD
Coefficient of determination R^2 of the prediction: 0.69
Feature:				Importance:
1. avg_percent_humidity	0.06265019697580822
2. X277.213423203688_7.13919135897436	0.046285196621838845
3. X263.150715332031_2.50629	0.03946083159436166
4. X237.220427340176_7.13047029360967	0.03913890155919208
5. X282.27712487174_7.23317913752913	0.03225068657357482
6. X303.122259140014_2.14927765151515	0.025608160029543435
7. X669.93791489374_6.24358174603174	0.02304683026810206
8. X295.225746885259_6.09304465868794	0.02246022731194898
9. X223.128096923828_3.35722466666666	0.02170638261487138
10. X285.121890324418_5.01388440860215	0.02065139187732148
11. X237.109812484962_3.76709734299517	0.019686386693104078
12. X278.189859650704_4.10320385434824	0.017556411700084075
13. X349.182713635225_2.28818164492197	0.01674281050772427
14. X335.218267234412_5.24703085612366	0.016299782139217834
15. X393.20879965785_2.43590272289767	0.01424167247929842
16. X269.17245213132_3.96002475399754	0.01378585552432046
17. X353.22884937712_4.15044508410328	0.01364333536937131
18. X183.100056163051_1.94124532163742	0.013594439004859652
19. X305.156523855108_2.09515087719298	0.012960050459999496
20. X271.115266688819_2.60499563106796	0.012163374462944618
21. X393.300845286367_8.38318778467909	0.011941108586840823
22. X211.204955993873_6.960255	0.011493907158483687
23. X279.230997695859_5.90311805903647	0.010704304807519317
24. X298.273786351693_7.60156672587329	0.010437359310091324
25. X265.251858191667_7.72115745216515	0.009931611708588105
Number of features present: 1106
Mean Absolute Error: 106.08 ADD
Coefficient of determination R^2 of the prediction: -0.07
{'bootstrap': False, 'max_depth': 4, 'max_features': 0.1, 'min_samples_split': 0.1, 'min_weight_fraction_leaf': 0.01}
The best mean error rate is 73.34
Number of steps performed: 21
Optimal number of features : 100
The best mean absolute error is: 72
Feature:				Importance:
1. avg_percent_humidity	0.09076905375501833
2. season=spring	0.06020391100096053
3. X709.55715560913_9.31162916666666	0.05555875983045281
4. X124.087094650268_9.08451966666666	0.03785907097146553
5. X338.340748569973_8.40681924398625	0.034681146569611306
6. X110.021347529187_9.98922890528905	0.03300051185454624
7. X331.283303892309_7.17624591429994	0.032017561964765136
8. X753.583812512849_9.1500745614035	0.03156527298835102
9. X265.176673615284_5.30598444444444	0.030735176001397753
10. X101.071236603057_9.94047099400171	0.028719223336854182
11. X378.301116294049_7.10551879432624	0.02827323955943375
12. X272.254709097055_4.83356666666666	0.023023561851543153
13. X922.00978742327_0.798729365079364	0.02108513871591941
14. X341.267040165326_6.65812035623409	0.01798114990824631
15. X243.135427263047_5.70126296296296	0.017220524944889334
16. X702.213592529296_8.65421111111111	0.015714672227670253
17. X709.556804838634_9.49934285714285	0.015541404819996836
18. X196.145260620117_5.37962333333333	0.015513598992154508
19. X307.260924727828_6.93982358024691	0.015210043680580085
20. X185.114917657514_2.91191178778574	0.014643119018974245
21. X443.167086621125_3.26429537760416	0.01424718860940732
22. X144.982311050405_9.93610765092649	0.013982089035706354
23. X841.636063519646_8.80508333333333	0.013529792849594942
24. X206.556623804001_9.99133170634921	0.011527162484790621
25. X262.11255980945_4.10148051912568	0.011124728829076601
Number of features present: 100
Mean Absolute Error: 124.41 ADD
Coefficient of determination R^2 of the prediction: -0.41
Mean Absolute Error: 103.15 ADD
Coefficient of determination R^2 of the prediction: -0.29
Mean Absolute Error: 113.8 ADD
Coefficient of determination R^2 of the prediction: -0.35
{'bootstrap': False, 'max_depth': 4, 'max_features': 0.1, 'min_samples_split': 0.001, 'min_weight_fraction_leaf': 0.01}
The best mean error rate is 105.49
Number of steps performed: 21
Optimal number of features : 100
The best mean absolute error is: 104
Mean Absolute Error: 63.68 ADD
Coefficient of determination R^2 of the prediction: 0.62
Feature:				Importance:
1. X162.007940995065_0.771163157894736	0.06488248003881646
2. avg_percent_humidity	0.054054504065023566
3. X186.13032503995_3.92765791666666	0.04827795080610388
4. X111.02174016799_9.9692627394636	0.04308799906189101
5. X206.556623804001_9.99133170634921	0.03096638480553662
6. X351.263639831542_7.01659055555555	0.027073518690838735
7. X753.583812512849_9.1500745614035	0.02703680449574716
8. X922.00978742327_0.798729365079364	0.021667679458848375
9. X443.167086621125_3.26429537760416	0.02022587959772956
10. X243.135427263047_5.70126296296296	0.019719139915125045
11. X146.980500120921_9.93622090254707	0.018693204214922758
12. X709.55715560913_9.31162916666666	0.018599506539042254
13. X885.661954012784_8.61188181818181	0.0180867793955641
14. X341.267040165326_6.65812035623409	0.016902768752204617
15. X158.153798192113_4.34759069069069	0.016511599979548684
16. X753.583103179931_9.35410555555555	0.015490552913812305
17. X121.966570456097_9.93652897648685	0.014597464421608707
18. season=winter	0.013609581395656298
19. X144.982311050405_9.93610765092649	0.013005432327027465
20. X261.109658767927_9.90742960199005	0.012375829372720125
21. X99.0133918469305_9.99074939061547	0.012175356896618385
22. X272.254709097055_4.83356666666666	0.012027041652801851
23. X797.609386243318_8.98125350877192	0.011484982029884006
24. X105.033750230485_9.991104004004	0.010569946501827597
25. X776.230580647786_9.04936111111111	0.010489420861654426
Number of features present: 100
Mean Absolute Error: 84.82 ADD
Coefficient of determination R^2 of the prediction: 0.43
{'bootstrap': False, 'max_depth': 4, 'max_features': 0.1, 'min_samples_split': 0.001, 'min_weight_fraction_leaf': 0.01}
The best mean error rate is 92.45
Number of steps performed: 21
Optimal number of features : 3086
The best mean absolute error is: 92
Feature:				Importance:
1. X300.288733742453_4.75564670033669	0.11094761728302933
2. X282.27712487174_7.23317913752913	0.0629514332574022
3. avg_percent_humidity	0.05626606509738647
4. X283.261846131269_6.46965379294957	0.04746284618901741
5. X358.292639041769_4.70101408045976	0.03901415642990649
6. X323.254802010276_6.47503462121211	0.039012901908313975
7. X281.246621041704_6.73085258397933	0.03074161020278893
8. X265.251786739268_6.47317440898345	0.029709990755772683
9. X328.283489266621_6.07409948453607	0.020721410905953596
10. X277.213423203688_7.13919135897436	0.01854661714960249
11. X296.293165677331_7.47388266068758	0.015004120141014276
12. X256.262006528934_7.07576439121756	0.013853264515901369
13. X321.239633623337_6.64616429359823	0.013364429646700125
14. season=winter	0.012899261296596595
15. X305.24440751779_7.72425823878984	0.012674661362952134
16. X283.262279643568_7.70306372739017	0.011959140935643488
17. X679.250579317986_5.94491116478796	0.01046196615393911
18. X265.251858191667_7.72115745216515	0.009630741718893117
19. X163.075292353044_4.01247105263157	0.009190404097521386
20. X601.203429969581_6.52201672297296	0.008666521743221673
21. X144.982311050405_9.93610765092649	0.0083230536969538
22. X146.980500120921_9.93622090254707	0.007241832374347981
23. X121.966570456097_9.93652897648685	0.006514760998002916
24. X254.247322840048_6.55874982269503	0.006169700798152695
25. X289.272746136956_6.80620463752664	0.006099383601271635
Number of features present: 3086
Mean Absolute Error: 121.64 ADD
Coefficient of determination R^2 of the prediction: -0.16
Mean Absolute Error: 85.7 ADD
Coefficient of determination R^2 of the prediction: 0.27
Mean Absolute Error: 103.52 ADD
Coefficient of determination R^2 of the prediction: 0.1
{'bootstrap': False, 'max_depth': 16, 'max_features': 0.1, 'min_samples_split': 0.1, 'min_weight_fraction_leaf': 0.01}
The best mean error rate is 71.02
Number of steps performed: 21
Optimal number of features : 100
The best mean absolute error is: 70
Mean Absolute Error: 31.24 ADD
Coefficient of determination R^2 of the prediction: 0.86
Feature:				Importance:
1. X162.007940995065_0.771163157894736	0.13608019701869062
2. X331.283303892309_7.17624591429994	0.04859864521347685
3. X146.980500120921_9.93622090254707	0.04429620119464995
4. X885.661954012784_8.61188181818181	0.037880329610763354
5. X922.00978742327_0.798729365079364	0.03377186051344752
6. X90.5246785074404_9.98934191456903	0.025254342700345916
7. X354.317547607421_7.79306833333333	0.02494026323058157
8. X354.317603338332_8.09597182539682	0.020095829482231976
9. X355.251878044822_6.32539640151515	0.019456276919514164
10. X290.232265472412_4.77805	0.017259847886479843
11. X100.510401916503_9.96895166666666	0.016515863082255434
12. X111.02174016799_9.9692627394636	0.016206375248628557
13. X307.260924727828_6.93982358024691	0.014926731727578633
14. season=fall	0.01416760841084537
15. X797.609119121845_9.20873974358974	0.013930039287158767
16. X207.174018859863_6.32188819444444	0.0131648796703547
17. X301.140323936939_6.29404296874999	0.01260244777700839
18. X141.958495154309_9.9852594402985	0.011751622714056593
19. X101.071236603057_9.94047099400171	0.011609602289686978
20. X157.083571887103_0.804737019036047	0.010696873511470657
21. X247.16604482941_9.94318677098151	0.010680950118220608
22. X315.122103782244_0.834238966588966	0.010668772540982656
23. X554.174249267578_7.68111333333333	0.01038792433612565
24. avg_percent_humidity	0.010329681410384461
25. X206.556623804001_9.99133170634921	0.010130431037115622
Number of features present: 100
Mean Absolute Error: 66.81 ADD
Coefficient of determination R^2 of the prediction: 0.53
{'bootstrap': False, 'max_depth': None, 'max_features': 0.1, 'min_samples_split': 0.1, 'min_weight_fraction_leaf': 0.01}
The best mean error rate is 68.42
Number of steps performed: 21
Optimal number of features : 4406
The best mean absolute error is: 68
Feature:				Importance:
1. X300.288733742453_4.75564670033669	0.15195375488213053
2. X282.27712487174_7.23317913752913	0.04758163070900701
3. X256.262006528934_7.07576439121756	0.03896958310184382
4. X321.239633623337_6.64616429359823	0.03888957776884492
5. X299.256756091627_6.64441084718923	0.03813345383144616
6. X311.22086722219_5.6301370014245	0.025711886034021178
7. X283.261846131269_6.46965379294957	0.023438252891616364
8. X366.138407971719_6.08390067854113	0.015337710535165486
9. avg_percent_humidity	0.015159571549489619
10. X247.16604482941_9.94318677098151	0.014965750499686159
11. X278.189859650704_4.10320385434824	0.014233945386474576
12. X255.231118649466_7.12408511166254	0.013391281791784658
13. X299.256905279868_6.73909269972451	0.012563140204841733
14. X251.124795321163_2.33367887377173	0.012268690427263373
15. X143.106671959869_1.35962517590149	0.012159615896850414
16. X291.192945441943_5.72405805369127	0.011591477312436283
17. X223.093713323563_1.93567832469775	0.011333931337961912
18. X412.304847263645_6.60969774774774	0.010945889022680923
19. X293.209694592406_5.62261263632052	0.010879039281539913
20. X269.210000802471_5.71957425343018	0.01076930530130152
21. X265.140494495433_3.12109192307692	0.009802793028433145
22. X183.098966690937_1.34278565834557	0.009434971767421417
23. X283.262279643568_7.70306372739017	0.009380755590203401
24. X425.376410969994_8.22967955301949	0.008361558997628764
25. X167.071587396261_2.97813351126927	0.007825920990178679
Number of features present: 4406
Mean Absolute Error: 99.0 ADD
Coefficient of determination R^2 of the prediction: 0.03
Mean Absolute Error: 98.94 ADD
Coefficient of determination R^2 of the prediction: 0.05
Mean Absolute Error: 98.97 ADD
Coefficient of determination R^2 of the prediction: 0.13
