/projects/zburcham@colostate.edu/miniconda3/envs/ml_new/lib/python3.7/site-packages/sklearn/externals/joblib/__init__.py:15: FutureWarning: sklearn.externals.joblib is deprecated in 0.21 and will be removed in 0.23. Please import this functionality directly from joblib, which can be installed with: pip install joblib. If this warning is raised when loading pickled models, you may need to re-serialize those models with scikit-learn 0.21+.
  warnings.warn(msg, category=FutureWarning)
/projects/zburcham@colostate.edu/miniconda3/envs/ml_new/lib/python3.7/site-packages/skbio/util/_testing.py:15: FutureWarning: pandas.util.testing is deprecated. Use the functions in the public API at pandas.testing instead.
  import pandas.util.testing as pdt
gen w meta
{'bootstrap': False, 'max_depth': 8, 'max_features': 0.1, 'min_samples_split': 0.001, 'min_weight_fraction_leaf': 0.01}
The best mean absolute error is 77.0
Number of steps performed: 21
Optimal number of features : 100
The best mean absolute error is: 76
Feature:				Importance:
1. X290.232265472412_4.77805	0.09985011890639188
2. X144.982311050405_9.93610765092649	0.06503233333398467
3. X351.263639831542_7.01659055555555	0.04861900203505287
4. X243.135427263047_5.70126296296296	0.03846981422752735
5. X212.142776489257_6.34480833333333	0.0357247838265033
6. X685.433905029296_8.73697833333333	0.0332805444349178
7. X120.026037640041_9.96247614379085	0.028431676036623124
8. X230.247547912597_4.70871333333333	0.02321588596359684
9. X536.164774576822_9.58509888888888	0.020665487368810652
10. X929.688028971354_8.7254865079365	0.017610521281522903
11. X355.251878044822_6.32539640151515	0.01760475254481831
12. X307.260924727828_6.93982358024691	0.017422163391486556
13. X836.680339268275_9.06077857142857	0.016743968005967225
14. facility=CMU	0.016060318183166528
15. X121.966570456097_9.93652897648685	0.016045908699496673
16. facility=SHSU	0.01488940420289923
17. X88.0222981037237_9.98843888888888	0.014781334619389833
18. season=spring	0.013424626748988514
19. X278.189859650704_4.10320385434824	0.013230152160358747
20. X270.278182922606_7.326998937583	0.012906582593331889
21. X279.200911983366_6.27801989247311	0.012510014542155177
22. X256.262006528934_7.07576439121756	0.012164059647361287
23. avg_percent_humidity	0.010699935177808656
24. X233.0779171328_0.826919029535864	0.010376536656011827
25. X924.732259114583_8.71224444444444	0.009908025676837014
Number of features present: 100
Mean Absolute Error: 65.47 ADD
Coefficient of determination R^2 of the prediction: 0.62
gen wo meta
{'bootstrap': False, 'max_depth': None, 'max_features': 0.1, 'min_samples_split': 0.001, 'min_weight_fraction_leaf': 0.01}
The best mean absolute error is 78.22
Number of steps performed: 21
Optimal number of features : 220
The best mean absolute error is: 78
Feature:				Importance:
1. X155.106590406138_3.54257160493827	0.09451937653084863
2. X315.122103782244_0.834238966588966	0.060181698235470205
3. X603.334788038579_5.21962307692307	0.043594425090481954
4. X317.173110614135_3.48005227920227	0.02929778913943674
5. X229.214820617717_6.95954829816202	0.028180225181723605
6. X197.114548153347_3.76790555555555	0.027844280616143486
7. X173.117045976327_3.72598326359832	0.021373155934216462
8. X365.135490902987_6.08347696969697	0.021110335172035317
9. X836.680339268275_9.06077857142857	0.01746324876909368
10. X425.213803972516_6.78795595238095	0.0156691231615616
11. X565.517636027714_7.72472345775013	0.013867769230752136
12. X265.176673615284_5.30598444444444	0.012273909524259502
13. X354.317603338332_8.09597182539682	0.012100440078854394
14. X367.189450539981_6.76559709803921	0.011828433644251379
15. X337.103831061001_0.804000574712643	0.010642347081882952
16. X211.204955993873_6.960255	0.01045552929322101
17. X272.254709097055_4.83356666666666	0.01012445434099047
18. X371.242291540233_5.53858698030634	0.009405517318033246
19. X443.167086621125_3.26429537760416	0.009290623785465305
20. X469.14760963839_4.57910787212535	0.009282097946943542
21. X455.224495216187_4.33485276636537	0.008419165459906102
22. X278.189859650704_4.10320385434824	0.00773311102737798
23. X563.371038669493_4.70957886178861	0.007683020188484375
24. X285.130411970204_2.98537077346743	0.007614297411823868
25. X709.55715560913_9.31162916666666	0.00745523402812656
Number of features present: 220
Mean Absolute Error: 69.28 ADD
Coefficient of determination R^2 of the prediction: 0.58
