/projects/zburcham@colostate.edu/miniconda3/envs/ml_new/lib/python3.7/site-packages/sklearn/externals/joblib/__init__.py:15: FutureWarning: sklearn.externals.joblib is deprecated in 0.21 and will be removed in 0.23. Please import this functionality directly from joblib, which can be installed with: pip install joblib. If this warning is raised when loading pickled models, you may need to re-serialize those models with scikit-learn 0.21+.
  warnings.warn(msg, category=FutureWarning)
/projects/zburcham@colostate.edu/miniconda3/envs/ml_new/lib/python3.7/site-packages/skbio/util/_testing.py:15: FutureWarning: pandas.util.testing is deprecated. Use the functions in the public API at pandas.testing instead.
  import pandas.util.testing as pdt
{'bootstrap': True, 'max_depth': 4, 'max_features': 'log2', 'min_samples_split': 0.1, 'min_weight_fraction_leaf': 0.01}
The best mean error rate is 78.32
Number of steps performed: 21
Optimal number of features : 3965
The best mean absolute error is: 78
Mean Absolute Error: 60.75 ADD
Coefficient of determination R^2 of the prediction: 0.22
Feature:				Importance:
1. X353.098714943391_4.59981183483936	0.007502568079334337
2. X278.189859650704_4.10320385434824	0.006485855736573763
3. X247.153521196166_4.79300914179104	0.006287153626911192
4. X228.122982114413_3.26381284451378	0.0057756082857081245
5. X123.044500193611_2.84329253647587	0.005608691343637613
6. X425.376410969994_8.22967955301949	0.005601108827681556
7. X481.261231912885_2.66861680059524	0.005560880659401133
8. X305.156523855108_2.09515087719298	0.005525764688047907
9. X679.250579317986_5.94491116478796	0.005381806076088761
10. X269.135520769391_4.80901312380951	0.005362790929358744
11. X320.242130564219_6.70818644278606	0.0053097779483932605
12. X175.096391116217_2.62781174684159	0.005294896176426207
13. X163.075292353044_4.01247105263157	0.0052569513927474675
14. X251.124795321163_2.33367887377173	0.005040443868705971
15. X173.117045976327_3.72598326359832	0.0049689209361925115
16. X146.980500120921_9.93622090254707	0.004910322717165621
17. X253.141735748888_5.64962416963225	0.004875482322184235
18. X150.063234630245_3.26544036296806	0.004811570359144943
19. X223.093713323563_1.93567832469775	0.004733556720988539
20. X155.106590406138_3.54257160493827	0.004704991553850798
21. X225.114074349403_3.50593388157894	0.0046635019341581
22. X421.351027429883_6.76435694704049	0.004632888693165515
23. X291.085607428299_2.01115873113015	0.004594603962878972
24. X331.118029471828_4.60017647468002	0.004578201515279001
25. X469.14760963839_4.57910787212535	0.00457192360553205
Number of features present: 3965
Mean Absolute Error: 57.34 ADD
Coefficient of determination R^2 of the prediction: -0.07
{'bootstrap': True, 'max_depth': None, 'max_features': 'log2', 'min_samples_split': 0.1, 'min_weight_fraction_leaf': 0.0001}
The best error rate is 69.07740005485901
Number of steps performed: 21
Optimal number of features : 4405
The best mean absolute error is: 69
Feature:				Importance:
1. X123.044500193611_2.84329253647587	0.009877755115852664
2. facility=CMU	0.009224576124958252
3. X251.155575942993_3.86083107142857	0.006952196291772357
4. X259.093679218226_4.27006288350634	0.006141362924673474
5. X277.10487907442_3.43770688354549	0.00608429218247373
6. X305.156523855108_2.09515087719298	0.005777832729296168
7. X251.155228480819_3.34591225895317	0.005646502686590845
8. X283.262279643568_7.70306372739017	0.005504670130132568
9. X353.098175802348_5.57697390462358	0.005431423412792926
10. X144.982311050405_9.93610765092649	0.005361796594617102
11. X155.106590406138_3.54257160493827	0.005335252243924436
12. X278.189859650704_4.10320385434824	0.005300710233559115
13. X275.088496350363_4.20603609715242	0.005208792493182392
14. X189.111734490645_3.08803657136669	0.005205794558614913
15. X269.135520769391_4.80901312380951	0.005173774304439401
16. X255.231118649466_7.12408511166254	0.005155694524139291
17. X377.324868937802_6.77922911373261	0.005091873182945733
18. X273.166767817802_2.85738918918918	0.005048740639844298
19. X247.153521196166_4.79300914179104	0.00503184667015261
20. X289.272746136956_6.80620463752664	0.004948089069806851
21. facility=UTK	0.00487296405867522
22. X231.158516312012_5.65333373435995	0.004856861017895004
23. X146.980500120921_9.93622090254707	0.004840849493103976
24. X353.098714943391_4.59981183483936	0.00480077371096061
25. X165.088473765807_2.52492438362919	0.004797934324657368
Number of features present: 4405
Mean Absolute Error: 111.03 ADD
Coefficient of determination R^2 of the prediction: -0.47
Mean Absolute Error: 193.65 ADD
Coefficient of determination R^2 of the prediction: -1.37
Mean Absolute Error: 100.9 ADD
Coefficient of determination R^2 of the prediction: -0.27
Mean Absolute Error: 134.75 ADD
Coefficient of determination R^2 of the prediction: -0.61
{'bootstrap': False, 'max_depth': 4, 'max_features': 0.1, 'min_samples_split': 0.001, 'min_weight_fraction_leaf': 0.01}
The best mean error rate is 67.57
Number of steps performed: 21
Optimal number of features : 2205
The best mean absolute error is: 66
Mean Absolute Error: 31.9 ADD
Coefficient of determination R^2 of the prediction: 0.87
Feature:				Importance:
1. X300.288733742453_4.75564670033669	0.11521713935852382
2. X282.27712487174_7.23317913752913	0.049167893692529475
3. X277.213423203688_7.13919135897436	0.03753714386739243
4. X321.239633623337_6.64616429359823	0.03241462161727188
5. X317.207511159171_6.03750368731563	0.02770871472589572
6. X195.136583424147_6.00572839851024	0.02726019644594277
7. X324.292402283678_7.72840526528958	0.026541100488768024
8. X283.261846131269_6.46965379294957	0.02535158233878769
9. X279.230997695859_5.90311805903647	0.0191048247967107
10. X283.262279643568_7.70306372739017	0.018514025090162787
11. X247.16604482941_9.94318677098151	0.017783828953487412
12. X237.220427340176_7.13047029360967	0.01632896098971226
13. X255.231118649466_7.12408511166254	0.015400094468832035
14. X101.071236603057_9.94047099400171	0.01524026653348471
15. X278.189859650704_4.10320385434824	0.015212123688287874
16. X163.075292353044_4.01247105263157	0.01258136439351381
17. X265.251858191667_7.72115745216515	0.012016002258561356
18. X328.283489266621_6.07409948453607	0.010952085613706926
19. X163.075339768747_6.07387988505747	0.01038527503812027
20. X295.225746885259_6.09304465868794	0.009839168361965868
21. X243.12568655085_3.50816794871794	0.009261100990764822
22. X679.250579317986_5.94491116478796	0.009147572394305276
23. X305.24440751779_7.72425823878984	0.008498489272238584
24. X269.210000802471_5.71957425343018	0.007950847921392331
25. X269.246597082906_7.43816493212669	0.007403563639700161
Number of features present: 2205
Mean Absolute Error: 62.99 ADD
Coefficient of determination R^2 of the prediction: 0.56
{'bootstrap': False, 'max_depth': 8, 'max_features': 0.1, 'min_samples_split': 0.1, 'min_weight_fraction_leaf': 0.01}
The best error rate is 62.857970956804394
Number of steps performed: 21
Optimal number of features : 100
The best mean absolute error is: 62
Feature:				Importance:
1. X378.301116294049_7.10551879432624	0.13117842498663057
2. X338.340748569973_8.40681924398625	0.0790674814776232
3. X282.27712487174_7.23317913752913	0.05209545971844013
4. X189.111734490645_3.08803657136669	0.04518847565709265
5. X536.164774576822_9.58509888888888	0.04213333971031759
6. X143.996791312365_9.98899552845528	0.030434159112674393
7. X290.232265472412_4.77805	0.02970829705146692
8. facility=UTK	0.027914174209421428
9. X144.982311050405_9.93610765092649	0.02790771531128105
10. X797.609386243318_8.98125350877192	0.024241118335605258
11. total_precipitation_cm	0.022756742406981785
12. X355.251878044822_6.32539640151515	0.021021255824313464
13. X354.317547607421_7.79306833333333	0.01831258885008273
14. X206.556623804001_9.99133170634921	0.017757807743851165
15. facility=CMU	0.016245678943711813
16. X124.087145421101_9.9376647703549	0.015404411246401852
17. X301.140323936939_6.29404296874999	0.014224136377083573
18. X753.583812512849_9.1500745614035	0.013716881747126668
19. X101.071236603057_9.94047099400171	0.011036405495843463
20. facility=SHSU	0.009479985976434546
21. X354.317603338332_8.09597182539682	0.008891173693783259
22. X221.145697021484_5.67329999999999	0.008854474335643453
23. X841.636063519646_8.80508333333333	0.008495017880247445
24. X230.247547912597_4.70871333333333	0.00848252288043573
25. X341.267040165326_6.65812035623409	0.008148897499926061
Number of features present: 100
Mean Absolute Error: 75.39 ADD
Coefficient of determination R^2 of the prediction: -0.47
Mean Absolute Error: 123.37 ADD
Coefficient of determination R^2 of the prediction: -0.09
Mean Absolute Error: 85.91 ADD
Coefficient of determination R^2 of the prediction: 0.15
Mean Absolute Error: 94.73 ADD
Coefficient of determination R^2 of the prediction: 0.19
{'bootstrap': False, 'max_depth': 16, 'max_features': 'sqrt', 'min_samples_split': 0.001, 'min_weight_fraction_leaf': 0.0001}
The best mean error rate is 130.26
Number of steps performed: 21
Optimal number of features : 4405
The best mean absolute error is: 130
Mean Absolute Error: 3.63 ADD
Coefficient of determination R^2 of the prediction: 1.0
Feature:				Importance:
1. X300.288733742453_4.75564670033669	0.013598366223798331
2. X283.262279643568_7.70306372739017	0.011427761019763949
3. X123.044500193611_2.84329253647587	0.00922021766621636
4. X117.091183609983_3.40778691183754	0.009034885906680782
5. X249.123215242019_3.67113556244464	0.008647689568852195
6. X253.141735748888_5.64962416963225	0.008093022022106464
7. avg_percent_humidity	0.007965421762595144
8. X167.071587396261_2.97813351126927	0.007827316815201107
9. X319.223623210287_6.37895026697177	0.007424680230448585
10. X229.214820617717_6.95954829816202	0.007230488354613986
11. X121.966570456097_9.93652897648685	0.007227121522782379
12. X297.241296932397_6.37728866813834	0.007050142213141181
13. X150.063234630245_3.26544036296806	0.007047898702873754
14. X285.130411970204_2.98537077346743	0.006811595521421864
15. X281.246455416747_6.20061735953641	0.006773838000296041
16. X443.167086621125_3.26429537760416	0.00657851497983029
17. X239.12722864151_4.0941625	0.006541015638714116
18. X259.093679218226_4.27006288350634	0.006296412977557109
19. X146.980500120921_9.93622090254707	0.006271097622837517
20. X155.106576385498_3.72426801234568	0.006137614063603361
21. X189.052000893734_2.97195995721508	0.006133321690054706
22. X234.081372202997_3.261699828722	0.005828008478668244
23. X195.098852603876_3.7230375449964	0.00575001798049764
24. X197.081105648362_2.62669706723891	0.00570007044578099
25. X189.111734490645_3.08803657136669	0.005629225336852568
Number of features present: 4405
Mean Absolute Error: 140.41 ADD
Coefficient of determination R^2 of the prediction: -0.16
{'bootstrap': False, 'max_depth': 8, 'max_features': 0.1, 'min_samples_split': 0.1, 'min_weight_fraction_leaf': 0.0001}
The best error rate is 115.3039169076967
Number of steps performed: 21
Optimal number of features : 2425
The best mean absolute error is: 115
Feature:				Importance:
1. X300.288733742453_4.75564670033669	0.11055866005347019
2. X283.262279643568_7.70306372739017	0.0396715955846891
3. X283.261846131269_6.46965379294957	0.031961444102504406
4. X167.071587396261_2.97813351126927	0.0286118929693338
5. avg_percent_humidity	0.024707816458368195
6. X282.27712487174_7.23317913752913	0.021331953019304805
7. X265.251858191667_7.72115745216515	0.02004187304575373
8. X293.209694592406_5.62261263632052	0.017630786256303845
9. X319.223623210287_6.37895026697177	0.015177495617649934
10. X324.292402283678_7.72840526528958	0.012263723034849352
11. X281.24658997156_6.05279702194357	0.011742135386841563
12. X277.213423203688_7.13919135897436	0.010990346325923744
13. X237.220427340176_7.13047029360967	0.010198538142433758
14. X123.044500193611_2.84329253647587	0.01008686050470174
15. X195.098842242978_3.32083007075471	0.00836853057339485
16. X117.091183609983_3.40778691183754	0.007480888013442691
17. X283.160853143948_2.83624203980099	0.007395565771805576
18. X189.111734490645_3.08803657136669	0.007292942795961053
19. X279.230997695859_5.90311805903647	0.006922551710689559
20. X255.231118649466_7.12408511166254	0.006895060671658754
21. X125.096239553365_3.08885407463823	0.006629788922163038
22. X311.22086722219_5.6301370014245	0.006547447298620717
23. X177.088306969332_4.29501168674698	0.0064591717016999756
24. X256.262006528934_7.07576439121756	0.0063053039396542615
25. total_precipitation_cm	0.006144549083493425
Number of features present: 2425
Mean Absolute Error: 123.51 ADD
Coefficient of determination R^2 of the prediction: -2.51
Mean Absolute Error: 126.14 ADD
Coefficient of determination R^2 of the prediction: -0.35
Mean Absolute Error: 111.88 ADD
Coefficient of determination R^2 of the prediction: -0.26
Mean Absolute Error: 120.54 ADD
Coefficient of determination R^2 of the prediction: -0.54
{'bootstrap': False, 'max_depth': 8, 'max_features': 'log2', 'min_samples_split': 0.001, 'min_weight_fraction_leaf': 0.0001}
The best mean error rate is 90.13
Number of steps performed: 21
Optimal number of features : 3965
The best mean absolute error is: 89
Mean Absolute Error: 42.58 ADD
Coefficient of determination R^2 of the prediction: 0.71
Feature:				Importance:
1. X282.27712487174_7.23317913752913	0.010415259531473516
2. X279.230757406719_6.39681497927768	0.00943533503246137
3. X281.246621041704_6.73085258397933	0.008662591660327507
4. X212.097852656761_3.0861762919311	0.007445540005268018
5. X256.262006528934_7.07576439121756	0.007291308796978064
6. X175.096391116217_2.62781174684159	0.0071858647039937445
7. X353.098714943391_4.59981183483936	0.00711468398843692
8. X366.138407971719_6.08390067854113	0.006817888870160473
9. X321.239633623337_6.64616429359823	0.006750051107408665
10. X360.179788221631_5.93664860119048	0.006589884281860871
11. X278.189859650704_4.10320385434824	0.0065026266993147485
12. X229.214820617717_6.95954829816202	0.006479187057781188
13. X469.14760963839_4.57910787212535	0.0064580960673141915
14. X353.098175802348_5.57697390462358	0.006371991985478051
15. X349.182713635225_2.28818164492197	0.006252519056050736
16. X353.103366681921_4.69028405308142	0.0061071016944024125
17. X195.098842242978_3.32083007075471	0.006058462425446373
18. X321.238836978206_6.20834275608376	0.005925727812412704
19. X213.148126824373_4.15120526452957	0.00590990368505963
20. X353.22884937712_4.15044508410328	0.005798888822028185
21. X241.105193080902_2.83643516666666	0.00554252438900894
22. X247.16604482941_9.94318677098151	0.0055229450978334675
23. X305.156523855108_2.09515087719298	0.005522147092509142
24. X300.288733742453_4.75564670033669	0.005437649259705786
25. X298.273786351693_7.60156672587329	0.005405407141653508
Number of features present: 3965
Mean Absolute Error: 90.15 ADD
Coefficient of determination R^2 of the prediction: 0.34
{'bootstrap': False, 'max_depth': 4, 'max_features': 0.1, 'min_samples_split': 0.001, 'min_weight_fraction_leaf': 0.0001}
The best error rate is 72.22893395963035
Number of steps performed: 21
Optimal number of features : 3525
The best mean absolute error is: 71
Feature:				Importance:
1. facility=CMU	0.07148145985514973
2. X300.288733742453_4.75564670033669	0.059918532813117896
3. X282.27712487174_7.23317913752913	0.05285992142890126
4. X279.230757406719_6.39681497927768	0.04076547267752209
5. X241.105193080902_2.83643516666666	0.039583644647040936
6. X265.251858191667_7.72115745216515	0.02541313220230271
7. X283.262279643568_7.70306372739017	0.025056890357219728
8. X281.246621041704_6.73085258397933	0.02388091553963491
9. X321.239633623337_6.64616429359823	0.02361282341638013
10. X175.096391116217_2.62781174684159	0.022955652847241624
11. facility=SHSU	0.02251506481716076
12. X271.115266688819_2.60499563106796	0.02088827651595175
13. X283.261846131269_6.46965379294957	0.020313311918230374
14. X298.273786351693_7.60156672587329	0.017617202320033998
15. X211.204955993873_6.960255	0.016681784981314205
16. X256.262006528934_7.07576439121756	0.0150420767128773
17. X297.241296932397_6.37728866813834	0.014766951706096383
18. X319.223623210287_6.37895026697177	0.013234781920197922
19. X125.096263540796_2.69875979919678	0.011052839296152037
20. X399.197995855595_3.08784197314652	0.010552234273782688
21. X305.156523855108_2.09515087719298	0.009584510536970464
22. X393.20879965785_2.43590272289767	0.009453426337984322
23. X305.24440751779_7.72425823878984	0.009154586689078864
24. X281.246455416747_6.20061735953641	0.00901167371586173
25. avg_percent_humidity	0.00889375307033549
Number of features present: 3525
Mean Absolute Error: 63.76 ADD
Coefficient of determination R^2 of the prediction: -0.1
Mean Absolute Error: 77.18 ADD
Coefficient of determination R^2 of the prediction: 0.36
Mean Absolute Error: 148.12 ADD
Coefficient of determination R^2 of the prediction: -0.47
Mean Absolute Error: 95.97 ADD
Coefficient of determination R^2 of the prediction: 0.12
