/projects/zburcham@colostate.edu/miniconda3/envs/ml_new/lib/python3.7/site-packages/sklearn/externals/joblib/__init__.py:15: FutureWarning: sklearn.externals.joblib is deprecated in 0.21 and will be removed in 0.23. Please import this functionality directly from joblib, which can be installed with: pip install joblib. If this warning is raised when loading pickled models, you may need to re-serialize those models with scikit-learn 0.21+.
  warnings.warn(msg, category=FutureWarning)
/projects/zburcham@colostate.edu/miniconda3/envs/ml_new/lib/python3.7/site-packages/skbio/util/_testing.py:15: FutureWarning: pandas.util.testing is deprecated. Use the functions in the public API at pandas.testing instead.
  import pandas.util.testing as pdt
{'bootstrap': False, 'max_depth': 4, 'max_features': 'log2', 'min_samples_split': 0.1, 'min_weight_fraction_leaf': 0.0001}
The best error rate is 65.41580898809524
Number of steps performed: 21
Optimal number of features : 4182
The best mean absolute error is: 65
Mean Absolute Error: 28.5 ADD
Coefficient of determination R^2 of the prediction: 0.53
Feature:				Importance:
1. X247.153521196166_4.79300914179104	0.009548928348590854
2. X269.135520769391_4.80901312380951	0.009398730999775878
3. X189.052000893734_2.97195995721508	0.009331431441977513
4. X231.158516312012_5.65333373435995	0.009157363756260641
5. X181.085657293146_3.50449417862838	0.008903169841942936
6. X123.044500193611_2.84329253647587	0.008846751490171815
7. X167.071587396261_2.97813351126927	0.008760888374660703
8. X281.246612658867_7.30952552083333	0.008647751682612753
9. X320.242130564219_6.70818644278606	0.008412932432039265
10. avg_percent_humidity	0.007924099310013677
11. X253.141735748888_5.64962416963225	0.00787736076187524
12. X157.119481368803_3.82225211267605	0.007556109549403183
13. X262.11255980945_4.10148051912568	0.007452962565217305
14. X259.093679218226_4.27006288350634	0.007385313358666369
15. X487.358868319263_6.86628224043715	0.007360147533280652
16. X376.171378864961_5.44780906862745	0.007274360504532798
17. X313.106697978498_5.08477325029655	0.007171360853037844
18. X377.166224510158_4.03454535768645	0.006525793898249984
19. X369.093936747642_5.0812999162479	0.006402547251931307
20. X310.125397723654_4.47853985507246	0.006345705417187532
21. X223.127297351815_2.96714713391136	0.0063414565357991105
22. X209.081737897783_3.06739120855148	0.006284061320265301
23. X747.440542575186_6.73863230900555	0.006272202212603416
24. X525.287501790602_2.76572368421052	0.006253296525651236
25. X217.104270669358_0.901215008291874	0.0061573107988355
Number of features present: 4182
Mean Absolute Error: 66.68 ADD
Coefficient of determination R^2 of the prediction: -0.84
Mean Absolute Error: 83.87 ADD
Coefficient of determination R^2 of the prediction: -0.75
{'bootstrap': True, 'max_depth': 16, 'max_features': 'log2', 'min_samples_split': 0.1, 'min_weight_fraction_leaf': 0.0001}
The best error rate is 54.72027285714287
Number of steps performed: 21
Optimal number of features : 3962
The best mean absolute error is: 54
Mean Absolute Error: 30.14 ADD
Coefficient of determination R^2 of the prediction: 0.6
Feature:				Importance:
1. X125.096239553365_3.08885407463823	0.006686030326138667
2. X251.155575942993_3.86083107142857	0.0063258418006057115
3. X234.081372202997_3.261699828722	0.006085684862395523
4. X171.101318726096_4.03019998258446	0.005885482185352841
5. X212.097852656761_3.0861762919311	0.005786982805000507
6. X211.204955993873_6.960255	0.005747044835739834
7. X273.166767817802_2.85738918918918	0.005729552964625308
8. X259.093679218226_4.27006288350634	0.005707629014408153
9. X299.256756091627_6.64441084718923	0.00568048467646775
10. X251.155228480819_3.34591225895317	0.005614990003668481
11. avg_percent_humidity	0.0055830621832189285
12. X253.141735748888_5.64962416963225	0.005527670561336078
13. X155.106634796142_4.29673321333332	0.005408934502961856
14. X251.124887110211_2.82948648542159	0.00537647799177281
15. X249.110778530317_2.70307443431272	0.00535713556547457
16. X393.20879965785_2.43590272289767	0.005309379077611258
17. X124.087145421101_9.9376647703549	0.005296440040858066
18. X155.106590406138_3.54257160493827	0.005122539152899383
19. X177.088306969332_4.29501168674698	0.005096784617940848
20. X197.081105648362_2.62669706723891	0.0049428203363241115
21. X189.111734490645_3.08803657136669	0.004864731657351662
22. X251.124795321163_2.33367887377173	0.004818783228730669
23. X197.083854626308_2.21905591225254	0.0047284993902358945
24. X195.13316496976_4.15110439886481	0.004728335278232621
25. X110.021347529187_9.98922890528905	0.004689184861839227
Number of features present: 3962
Mean Absolute Error: 96.35 ADD
Coefficient of determination R^2 of the prediction: -0.68
Mean Absolute Error: 64.03 ADD
Coefficient of determination R^2 of the prediction: 0.09
{'bootstrap': False, 'max_depth': 8, 'max_features': 'log2', 'min_samples_split': 0.1, 'min_weight_fraction_leaf': 0.0001}
The best error rate is 58.07183952380953
Number of steps performed: 21
Optimal number of features : 1102
The best mean absolute error is: 57
Mean Absolute Error: 14.68 ADD
Coefficient of determination R^2 of the prediction: 0.94
Feature:				Importance:
1. avg_percent_humidity	0.013512007895552585
2. X547.193151185006_3.2572502840909	0.010020962958623755
3. X265.140494495433_3.12109192307692	0.009840153216496367
4. X389.249536805577_3.68482277556441	0.009460423947238245
5. X298.273786351693_7.60156672587329	0.00885339766990579
6. X353.22884937712_4.15044508410328	0.008821068096750422
7. X251.155575942993_3.86083107142857	0.008305281346005621
8. X251.124795321163_2.33367887377173	0.008104397066049868
9. X393.20879965785_2.43590272289767	0.008077676922452716
10. X277.10487907442_3.43770688354549	0.007912856232348445
11. X256.262006528934_7.07576439121756	0.007830982373548496
12. X199.132596333821_3.71979111111111	0.007650163296086206
13. X437.234869548252_2.55942667748917	0.00746093575417058
14. X223.127297351815_2.96714713391136	0.007369901571716742
15. X305.156523855108_2.09515087719298	0.00736237406435788
16. X366.138407971719_6.08390067854113	0.007045555529586049
17. X646.263733127105_5.41250488414955	0.006684591569955608
18. X181.08434772298_3.80427119675456	0.006611661263786973
19. X331.208143458928_3.28996994569757	0.006539289395807794
20. X278.189859650704_4.10320385434824	0.006511333496083918
21. X423.198344573555_6.28129336688014	0.006262751806497018
22. X331.118029471828_4.60017647468002	0.0062347196016177674
23. X169.083052596884_3.02616638477801	0.0062119416200640785
24. total_precipitation_cm	0.006190373162763104
25. X621.443389214409_6.81923925925925	0.006189788303156813
Number of features present: 1102
Mean Absolute Error: 114.0 ADD
Coefficient of determination R^2 of the prediction: -1.56
Mean Absolute Error: 57.92 ADD
Coefficient of determination R^2 of the prediction: -0.27
{'bootstrap': True, 'max_depth': 4, 'max_features': 'log2', 'min_samples_split': 0.001, 'min_weight_fraction_leaf': 0.0001}
The best error rate is 52.12462962828249
Number of steps performed: 21
Optimal number of features : 3962
The best mean absolute error is: 51
Mean Absolute Error: 37.85 ADD
Coefficient of determination R^2 of the prediction: 0.42
Feature:				Importance:
1. X234.081372202997_3.261699828722	0.006566564990795111
2. X212.097852656761_3.0861762919311	0.005663701143147928
3. X344.156682288585_5.93014153757889	0.004650166682232431
4. X455.224495216187_4.33485276636537	0.004615667138983319
5. X171.101135758716_3.08703594815825	0.0046144437252702815
6. X299.256905279868_6.73909269972451	0.00456881935154691
7. X227.133280090012_3.67175333042466	0.004507613008649758
8. X183.137484168127_6.38530741167434	0.004436746969079257
9. X283.262279643568_7.70306372739017	0.004286262945135934
10. X321.238836978206_6.20834275608376	0.004223137937942395
11. X283.151761356476_3.17104010752688	0.004213547402961112
12. X366.138407971719_6.08390067854113	0.004191442344131635
13. X278.189859650704_4.10320385434824	0.004187246526652567
14. X401.338991000014_8.13704111956867	0.004143254713261769
15. X423.360692827533_8.37127199170125	0.00413995651917678
16. X247.153521196166_4.79300914179104	0.004102071098922532
17. X230.069373562853_3.26562897570748	0.004100616141667861
18. X305.156523855108_2.09515087719298	0.004015475706425516
19. X281.246455416747_6.20061735953641	0.004008675031817874
20. X146.980500120921_9.93622090254707	0.003975210275328609
21. X565.517636027714_7.72472345775013	0.003888384820225889
22. X646.263733127105_5.41250488414955	0.0037685967919317245
23. X256.262006528934_7.07576439121756	0.0037540295549019307
24. X344.156589346632_6.10044905345211	0.0037364654109100968
25. X393.20879965785_2.43590272289767	0.00372407269859237
Number of features present: 3962
Mean Absolute Error: 156.98 ADD
Coefficient of determination R^2 of the prediction: -0.95
Mean Absolute Error: 112.63 ADD
Coefficient of determination R^2 of the prediction: -0.49
{'bootstrap': False, 'max_depth': 16, 'max_features': 0.1, 'min_samples_split': 0.1, 'min_weight_fraction_leaf': 0.0001}
The best error rate is 80.00533069518288
Number of steps performed: 21
Optimal number of features : 100
The best mean absolute error is: 78
Mean Absolute Error: 9.49 ADD
Coefficient of determination R^2 of the prediction: 0.99
Feature:				Importance:
1. avg_percent_humidity	0.10109541200040896
2. X797.609386243318_8.98125350877192	0.07075585881588091
3. X272.254709097055_4.83356666666666	0.041425497784411805
4. X332.148698337742_0.846389822404371	0.03962605501268749
5. X338.340748569973_8.40681924398625	0.03045242941197264
6. X111.02174016799_9.9692627394636	0.029988063469460507
7. X354.317603338332_8.09597182539682	0.0267720182451835
8. X349.182713635225_2.28818164492197	0.026482042159716522
9. X278.189859650704_4.10320385434824	0.02173770135246567
10. X144.982311050405_9.93610765092649	0.021501568936910315
11. X143.996791312365_9.98899552845528	0.020929556707331164
12. X536.164774576822_9.58509888888888	0.016690765516471612
13. X124.087087127397_9.17698144654088	0.01659428995005718
14. X389.249536805577_3.68482277556441	0.01635549566976878
15. X331.208143458928_3.28996994569757	0.014161814207342022
16. X121.966570456097_9.93652897648685	0.011684291118416741
17. X261.109658767927_9.90742960199005	0.01123250550755497
18. X256.262006528934_7.07576439121756	0.011005088376919934
19. X685.433905029296_8.73697833333333	0.01085507405974515
20. X141.958495154309_9.9852594402985	0.010225542491253447
21. X146.980500120921_9.93622090254707	0.009641809445158465
22. X117.959781222873_9.96901018518518	0.009275896118350902
23. X381.296875476837_7.80113454861111	0.009234617903729501
24. X270.278182922606_7.326998937583	0.009012169623557529
25. X185.114917657514_2.91191178778574	0.008587143918002742
Number of features present: 100
Mean Absolute Error: 107.94 ADD
Coefficient of determination R^2 of the prediction: -3.64
Mean Absolute Error: 102.69 ADD
Coefficient of determination R^2 of the prediction: -0.07
{'bootstrap': False, 'max_depth': 16, 'max_features': 0.1, 'min_samples_split': 0.001, 'min_weight_fraction_leaf': 0.0001}
The best error rate is 64.8690299810612
Number of steps performed: 21
Optimal number of features : 100
The best mean absolute error is: 64
Mean Absolute Error: 0.0 ADD
Coefficient of determination R^2 of the prediction: 1.0
Feature:				Importance:
1. X157.083571887103_0.804737019036047	0.07034182552241329
2. X354.317603338332_8.09597182539682	0.049877461318015494
3. X274.273324246483_4.69881899224806	0.044850056065537325
4. X685.433905029296_8.73697833333333	0.038353532184097504
5. X187.132559969724_3.54547162954278	0.030011168425952216
6. X307.260924727828_6.93982358024691	0.01973707109269856
7. X196.145260620117_5.37962333333333	0.019395694103390648
8. X463.300883573644_5.65371862745098	0.018523121776892897
9. X351.263639831542_7.01659055555555	0.01793693653431355
10. X885.661954012784_8.61188181818181	0.017739672571221672
11. X753.583812512849_9.1500745614035	0.015554025566596403
12. X110.021347529187_9.98922890528905	0.01496936533015422
13. X797.609386243318_8.98125350877192	0.014790805113694593
14. X256.262006528934_7.07576439121756	0.013745727742103581
15. X341.267040165326_6.65812035623409	0.01327409732985472
16. X230.247547912597_4.70871333333333	0.0132613590496225
17. avg_percent_humidity	0.012282798833399604
18. X149.059870661859_0.832815579710144	0.011920520296133746
19. X309.274447491294_6.75140131578947	0.011918053373154758
20. X443.167086621125_3.26429537760416	0.011687508409427219
21. total_precipitation_cm	0.011155102040884142
22. X753.583103179931_9.35410555555555	0.011034850862475732
23. X265.176673615284_5.30598444444444	0.010737026240208941
24. X841.636063519646_8.80508333333333	0.010664947298630234
25. X279.200911983366_6.27801989247311	0.010384077146879455
Number of features present: 100
Mean Absolute Error: 51.93 ADD
Coefficient of determination R^2 of the prediction: -0.18
Mean Absolute Error: 99.84 ADD
Coefficient of determination R^2 of the prediction: 0.11
{'bootstrap': True, 'max_depth': 4, 'max_features': 'log2', 'min_samples_split': 0.1, 'min_weight_fraction_leaf': 0.0001}
The best error rate is 135.20386671335197
Number of steps performed: 21
Optimal number of features : 3522
The best mean absolute error is: 135
Mean Absolute Error: 94.22 ADD
Coefficient of determination R^2 of the prediction: 0.51
Feature:				Importance:
1. X185.114917657514_2.91191178778574	0.006805883144462256
2. X679.250579317986_5.94491116478796	0.005469835606452742
3. X443.167086621125_3.26429537760416	0.0052982937537219745
4. X437.234869548252_2.55942667748917	0.00527467184384112
5. X229.214820617717_6.95954829816202	0.0051032460278585675
6. X324.292402283678_7.72840526528958	0.005086809379036485
7. X299.161897398418_3.15122003546099	0.005025252264496679
8. X352.356264209747_8.29605718749999	0.004833539545911025
9. X281.246455416747_6.20061735953641	0.004741372749819452
10. X702.325941543233_6.1352611010558	0.004682679451913179
11. X373.220279279436_3.10578817142857	0.004378843987612919
12. X319.223587733443_5.90276478494623	0.004314896141147872
13. X234.081372202997_3.261699828722	0.004267686495742481
14. X341.267040165326_6.65812035623409	0.004129362431639363
15. X167.071587396261_2.97813351126927	0.00405470893225973
16. X249.123215242019_3.67113556244464	0.003936401429361511
17. X293.209694592406_5.62261263632052	0.003913603969631998
18. X335.218267234412_5.24703085612366	0.003906055625368966
19. X329.137763642305_5.73585542352223	0.0038850790780389135
20. X751.516457689668_6.64553791423002	0.0038443728666800437
21. X646.263733127105_5.41250488414955	0.0038019074619087554
22. X455.224495216187_4.33485276636537	0.0037918988235563396
23. X395.203432664221_3.10285158303464	0.0037556001242872537
24. X259.093679218226_4.27006288350634	0.0036734492806040717
25. avg_percent_humidity	0.003603419142416432
Number of features present: 3522
Mean Absolute Error: 142.97 ADD
Coefficient of determination R^2 of the prediction: -0.03
Mean Absolute Error: 118.4 ADD
Coefficient of determination R^2 of the prediction: -0.13
{'bootstrap': True, 'max_depth': 4, 'max_features': 'log2', 'min_samples_split': 0.1, 'min_weight_fraction_leaf': 0.0001}
The best error rate is 146.60489188014168
Number of steps performed: 21
Optimal number of features : 3962
The best mean absolute error is: 145
Mean Absolute Error: 112.45 ADD
Coefficient of determination R^2 of the prediction: 0.35
Feature:				Importance:
1. X300.288733742453_4.75564670033669	0.008481447477393201
2. avg_percent_humidity	0.007177994975077585
3. X249.123215242019_3.67113556244464	0.006120092043266597
4. X150.063234630245_3.26544036296806	0.005995904120361321
5. X265.251858191667_7.72115745216515	0.005653310220947689
6. X157.083571887103_0.804737019036047	0.005637525323268601
7. X443.167086621125_3.26429537760416	0.00544471462209608
8. X367.334794133208_7.93439510658914	0.0054252284725757
9. X171.101135758716_3.08703594815825	0.004911239726460412
10. X263.140283644655_2.98612235460993	0.004880473672383196
11. X234.081372202997_3.261699828722	0.004824432727250874
12. X308.220965328732_3.73019024024023	0.0046848400134956265
13. X283.262279643568_7.70306372739017	0.00459301927746634
14. X423.198344573555_6.28129336688014	0.0045232731418567255
15. X177.088306969332_4.29501168674698	0.00448961511984021
16. X239.12722864151_4.0941625	0.004468662933297619
17. X305.135812741234_3.50155142857142	0.0043764877732033105
18. X277.213423203688_7.13919135897436	0.0042656940469770355
19. X209.083184638035_2.39753862525165	0.004225133268577565
20. X299.256905279868_6.73909269972451	0.004214033330379467
21. X183.09680547532_2.69136446390658	0.004196672445967422
22. X155.106576385498_3.72426801234568	0.00415955813116168
23. X377.216135401474_3.08847202576754	0.004158576568989127
24. X253.141735748888_5.64962416963225	0.004130260872961572
25. X259.093679218226_4.27006288350634	0.004098579752758392
Number of features present: 3962
Mean Absolute Error: 134.61 ADD
Coefficient of determination R^2 of the prediction: 0.02
Mean Absolute Error: 118.56 ADD
Coefficient of determination R^2 of the prediction: -0.13
{'bootstrap': False, 'max_depth': 4, 'max_features': 0.1, 'min_samples_split': 0.1, 'min_weight_fraction_leaf': 0.0001}
The best error rate is 96.24243913951545
Number of steps performed: 21
Optimal number of features : 2642
The best mean absolute error is: 95
Mean Absolute Error: 34.59 ADD
Coefficient of determination R^2 of the prediction: 0.89
Feature:				Importance:
1. X300.288733742453_4.75564670033669	0.11796607376697436
2. avg_percent_humidity	0.09812619009354515
3. X283.262279643568_7.70306372739017	0.040114423422069445
4. X117.091183609983_3.40778691183754	0.033276584278921904
5. X279.230997695859_5.90311805903647	0.03290064906586669
6. X281.24658997156_6.05279702194357	0.026178692634127705
7. X167.071587396261_2.97813351126927	0.025478322557716343
8. X183.098966690937_1.34278565834557	0.025216305018663124
9. total_precipitation_cm	0.02180517463562318
10. X295.225746885259_6.09304465868794	0.020996191727482065
11. X111.02174016799_9.9692627394636	0.01572622159489873
12. X283.261846131269_6.46965379294957	0.014109521884896439
13. X297.241296932397_6.37728866813834	0.013965207216396176
14. X123.044500193611_2.84329253647587	0.013799178114917139
15. X229.214820617717_6.95954829816202	0.013454918711384467
16. X150.063234630245_3.26544036296806	0.012087094971272505
17. X267.155462431215_2.93422489626556	0.011289318215383782
18. X163.075339768747_6.07387988505747	0.011268351093089053
19. X144.982311050405_9.93610765092649	0.010278485513486929
20. X234.081372202997_3.261699828722	0.009719583001459654
21. X443.167086621125_3.26429537760416	0.009397798713509223
22. X255.231118649466_7.12408511166254	0.008526319664576648
23. X143.106671959869_1.35962517590149	0.008385668995690392
24. X121.966570456097_9.93652897648685	0.008359918234189153
25. X157.083571887103_0.804737019036047	0.008264232908471024
Number of features present: 2642
Mean Absolute Error: 134.46 ADD
Coefficient of determination R^2 of the prediction: 0.03
Mean Absolute Error: 133.36 ADD
Coefficient of determination R^2 of the prediction: 0.03
{'bootstrap': False, 'max_depth': 4, 'max_features': 0.1, 'min_samples_split': 0.1, 'min_weight_fraction_leaf': 0.0001}
The best error rate is 54.20304259920627
Number of steps performed: 21
Optimal number of features : 1322
The best mean absolute error is: 54
Mean Absolute Error: 11.17 ADD
Coefficient of determination R^2 of the prediction: 0.94
Feature:				Importance:
1. avg_percent_humidity	0.10220489139054063
2. X263.140283644655_2.98612235460993	0.07496396204570988
3. X245.137936002227_3.19287833787465	0.05625734786748964
4. X282.27712487174_7.23317913752913	0.05429059459990199
5. X317.267073197798_5.38109242424242	0.04482420731605864
6. X245.137789608755_2.98527268385864	0.03813452467218426
7. X285.130411970204_2.98537077346743	0.03501503982924562
8. X187.096183604173_2.39946025377229	0.03183479285073323
9. X125.096263540796_2.69875979919678	0.0235675352323391
10. X245.078003083258_4.66396657273215	0.021726743355029613
11. X187.096011106995_2.23879881226053	0.02060738830177904
12. X241.105193080902_2.83643516666666	0.019012124425662975
13. X329.258368752219_6.27686818181818	0.018831087324110797
14. X433.323065185546_8.86960333333333	0.01850242315436764
15. X231.122421042702_2.60736706060606	0.015001795235113422
16. X399.197995855595_3.08784197314652	0.013376749343192256
17. X163.075292353044_4.01247105263157	0.012652459551148479
18. X245.137785312456_2.8900016292735	0.01235726806015745
19. X175.096391116217_2.62781174684159	0.00934961783618502
20. X281.146942582623_3.15035396910919	0.008469750975134067
21. X249.123215242019_3.67113556244464	0.007837159811183715
22. X641.458188069661_8.69222422222222	0.007707080037880867
23. X195.13316496976_4.15110439886481	0.007448432032166812
24. X173.117196884399_4.15995939829605	0.007156842008446728
25. X295.225746885259_6.09304465868794	0.00660093385463094
Number of features present: 1322
Mean Absolute Error: 126.08 ADD
Coefficient of determination R^2 of the prediction: -1.39
Mean Absolute Error: 139.74 ADD
Coefficient of determination R^2 of the prediction: -1.18
{'bootstrap': True, 'max_depth': 8, 'max_features': 0.1, 'min_samples_split': 0.001, 'min_weight_fraction_leaf': 0.0001}
The best error rate is 87.03924853174613
Number of steps performed: 21
Optimal number of features : 4402
The best mean absolute error is: 87
Mean Absolute Error: 31.51 ADD
Coefficient of determination R^2 of the prediction: 0.86
Feature:				Importance:
1. avg_percent_humidity	0.03408614448132107
2. total_precipitation_cm	0.0169231487652104
3. X353.103366681921_4.69028405308142	0.0105361385466097
4. X121.966570456097_9.93652897648685	0.01052524051399575
5. X247.16604482941_9.94318677098151	0.009890123172326572
6. X269.135520769391_4.80901312380951	0.009255314631058024
7. X305.156523855108_2.09515087719298	0.009035405111133984
8. X353.098175802348_5.57697390462358	0.008976657851769421
9. X423.360692827533_8.37127199170125	0.008696150812480555
10. X213.148126824373_4.15120526452957	0.008651116766580726
11. X283.262279643568_7.70306372739017	0.008553772551347504
12. X239.12722864151_4.0941625	0.0081126130479745
13. X124.087145421101_9.9376647703549	0.008077940923424422
14. X206.138207382296_3.08690609040717	0.007809369275361898
15. X443.167086621125_3.26429537760416	0.007652007047448349
16. X143.106711203643_2.69856676915193	0.007570867986179929
17. X189.052000893734_2.97195995721508	0.007563685355210025
18. X679.250579317986_5.94491116478796	0.00727649919864956
19. X289.272746136956_6.80620463752664	0.007105813052834609
20. X155.106576385498_3.72426801234568	0.006923688168141417
21. X231.158516312012_5.65333373435995	0.006864362118325627
22. X155.106590406138_3.54257160493827	0.006832614074302008
23. X423.198344573555_6.28129336688014	0.006819633443723724
24. X601.203429969581_6.52201672297296	0.006810872749746755
25. X123.044500193611_2.84329253647587	0.006799010149929047
Number of features present: 4402
Mean Absolute Error: 161.09 ADD
Coefficient of determination R^2 of the prediction: -6.21
Mean Absolute Error: 92.69 ADD
Coefficient of determination R^2 of the prediction: 0.11
{'bootstrap': False, 'max_depth': 4, 'max_features': 0.1, 'min_samples_split': 0.1, 'min_weight_fraction_leaf': 0.0001}
The best error rate is 76.10127380952368
Number of steps performed: 21
Optimal number of features : 1322
The best mean absolute error is: 74
Mean Absolute Error: 18.84 ADD
Coefficient of determination R^2 of the prediction: 0.95
Feature:				Importance:
1. X346.257596826827_3.55504612923864	0.11818326036049122
2. X282.27712487174_7.23317913752913	0.06382685255394134
3. X279.230757406719_6.39681497927768	0.05131760231193845
4. X265.251858191667_7.72115745216515	0.03954666178486755
5. X295.225746885259_6.09304465868794	0.034586232846432564
6. X283.261846131269_6.46965379294957	0.033272651434587006
7. X651.219308192254_6.97452669060442	0.03312301028249888
8. X283.262279643568_7.70306372739017	0.032732490851181024
9. X256.262006528934_7.07576439121756	0.02468411867959053
10. X211.204955993873_6.960255	0.02200518458864394
11. X319.223623210287_6.37895026697177	0.021220559744674173
12. X297.241296932397_6.37728866813834	0.01933209167754544
13. X281.246621041704_6.73085258397933	0.0183345724450082
14. X247.16604482941_9.94318677098151	0.016899744387130645
15. X701.47944400185_8.18594495614035	0.014583551337636535
16. X279.230997695859_5.90311805903647	0.014370095430703425
17. X263.23609290238_6.20654228477807	0.014296018458191574
18. X393.20879965785_2.43590272289767	0.011534522505949262
19. X435.295614166033_6.00104928182267	0.010312160997332748
20. avg_percent_humidity	0.009779639324328047
21. X298.273786351693_7.60156672587329	0.009681572708801113
22. X353.098175802348_5.57697390462358	0.009655640163989244
23. X367.334794133208_7.93439510658914	0.00874515892273472
24. X245.137789608755_2.98527268385864	0.008345951230223367
25. X311.22086722219_5.6301370014245	0.008164178646992783
Number of features present: 1322
Mean Absolute Error: 61.78 ADD
Coefficient of determination R^2 of the prediction: -0.05
Mean Absolute Error: 98.85 ADD
Coefficient of determination R^2 of the prediction: -0.45
