/projects/zburcham@colostate.edu/miniconda3/envs/ml_new/lib/python3.7/site-packages/sklearn/externals/joblib/__init__.py:15: FutureWarning: sklearn.externals.joblib is deprecated in 0.21 and will be removed in 0.23. Please import this functionality directly from joblib, which can be installed with: pip install joblib. If this warning is raised when loading pickled models, you may need to re-serialize those models with scikit-learn 0.21+.
  warnings.warn(msg, category=FutureWarning)
/projects/zburcham@colostate.edu/miniconda3/envs/ml_new/lib/python3.7/site-packages/skbio/util/_testing.py:15: FutureWarning: pandas.util.testing is deprecated. Use the functions in the public API at pandas.testing instead.
  import pandas.util.testing as pdt
{'bootstrap': False, 'max_depth': None, 'max_features': 0.1, 'min_samples_split': 0.001, 'min_weight_fraction_leaf': 0.01}
The best mean error rate is 88.11
Number of steps performed: 22
Optimal number of features : 2429
The best mean absolute error is: 87
Mean Absolute Error: 28.97 ADD
Coefficient of determination R^2 of the prediction: 0.88
Feature:				Importance:
1. X300.288733742453_4.75564670033669	0.09183330200921022
2. X282.27712487174_7.23317913752913	0.045731303331717196
3. X256.262006528934_7.07576439121756	0.024667189742908793
4. X277.213423203688_7.13919135897436	0.021041993170864526
5. season=summer	0.017663728135094463
6. facility=CMU	0.01536732511501353
7. X321.239633623337_6.64616429359823	0.014022939791421914
8. X283.261846131269_6.46965379294957	0.012939383273902401
9. X295.225746885259_6.09304465868794	0.012889566290153366
10. X283.262279643568_7.70306372739017	0.012303164279642757
11. X117.091183609983_3.40778691183754	0.012279964725370116
12. X255.231118649466_7.12408511166254	0.01160329695018687
13. X265.251858191667_7.72115745216515	0.010350661931136831
14. X278.189859650704_4.10320385434824	0.010201831500188628
15. X247.16604482941_9.94318677098151	0.009626304626110816
16. facility=SHSU	0.009386589235037166
17. X237.220427340176_7.13047029360967	0.008504182642728314
18. avg_percent_humidity	0.008160993664238921
19. X279.230997695859_5.90311805903647	0.007861709297602687
20. X393.20879965785_2.43590272289767	0.007835282315141912
21. X269.210000802471_5.71957425343018	0.007766291841863515
22. X305.156523855108_2.09515087719298	0.0073214654011624644
23. X163.075339768747_6.07387988505747	0.00666804715110491
24. X366.138407971719_6.08390067854113	0.005980278623159925
25. X349.182713635225_2.28818164492197	0.0059595989611148014
Number of features present: 2429
Mean Absolute Error: 79.51 ADD
Coefficient of determination R^2 of the prediction: 0.5
{'bootstrap': False, 'max_depth': 8, 'max_features': 0.1, 'min_samples_split': 0.001, 'min_weight_fraction_leaf': 0.01}
The best mean error rate is 88.71
Number of steps performed: 21
Optimal number of features : 1
The best mean absolute error is: 88
Mean Absolute Error: 79.53 ADD
Coefficient of determination R^2 of the prediction: 0.3
Feature:				Importance:
1. X278.189859650704_4.10320385434824	1.0
Number of features present: 1
Mean Absolute Error: 80.55 ADD
Coefficient of determination R^2 of the prediction: 0.41
