/projects/zburcham@colostate.edu/miniconda3/envs/ml_new/lib/python3.7/site-packages/sklearn/externals/joblib/__init__.py:15: FutureWarning: sklearn.externals.joblib is deprecated in 0.21 and will be removed in 0.23. Please import this functionality directly from joblib, which can be installed with: pip install joblib. If this warning is raised when loading pickled models, you may need to re-serialize those models with scikit-learn 0.21+.
  warnings.warn(msg, category=FutureWarning)
/projects/zburcham@colostate.edu/miniconda3/envs/ml_new/lib/python3.7/site-packages/skbio/util/_testing.py:15: FutureWarning: pandas.util.testing is deprecated. Use the functions in the public API at pandas.testing instead.
  import pandas.util.testing as pdt
CMU train
{'bootstrap': False, 'max_depth': 4, 'max_features': 0.1, 'min_samples_split': 0.001, 'min_weight_fraction_leaf': 0.01}
The best mean error rate is 80.31
Number of steps performed: 21
Optimal number of features : 3746
The best mean absolute error is: 79
Mean Absolute Error: 27.51 ADD
Coefficient of determination R^2 of the prediction: 0.89
Feature:				Importance:
1. X228.23079588292_6.35603299435028	0.08870208082138824
2. X326.340475453795_8.1965404290429	0.05399824750844249
3. X352.356264209747_8.29605718749999	0.03421248125435722
4. X270.278182922606_7.326998937583	0.033621765584140144
5. X237.220427340176_7.13047029360967	0.03153603799884084
6. avg_percent_humidity	0.029099949823614753
7. X324.292402283678_7.72840526528958	0.02864428279374615
8. X269.210000802471_5.71957425343018	0.024752711636241716
9. X192.137958241932_3.81698134328358	0.024652750724429975
10. X256.262006528934_7.07576439121756	0.021551706165581237
11. X341.304059024148_7.978558685446	0.01892177838886064
12. X291.192945441943_5.72405805369127	0.017229106746972346
13. X354.371857869256_8.7059326460481	0.014717472464740786
14. X412.304847263645_6.60969774774774	0.012651256554655106
15. X235.205081385695_5.54213672199169	0.011982884106112804
16. X509.403101166333_6.73130468643489	0.01177227090113785
17. X254.247322840048_6.55874982269503	0.01077239562576347
18. X277.213423203688_7.13919135897436	0.010689077819226732
19. X386.289930479867_6.44190372023809	0.010577560464092807
20. X338.340824997771_8.0974091286307	0.01027328608837487
21. X379.281138662169_7.3151881243629	0.010205442218093098
22. X247.16604482941_9.94318677098151	0.00985834021487587
23. X313.235049849706_4.15183788416075	0.00921138687326234
24. X195.099119701524_3.0521801703163	0.009092524527313588
25. X605.219868139594_2.70488830734966	0.008820435607481183
Number of features present: 3746
Mean Absolute Error: 79.97 ADD
Coefficient of determination R^2 of the prediction: 0.29
CMU full
{'bootstrap': False, 'max_depth': 4, 'max_features': 0.1, 'min_samples_split': 0.001, 'min_weight_fraction_leaf': 0.01}
The best mean error rate is 59.56
Number of steps performed: 21
Optimal number of features : 100
The best mean absolute error is: 57
Feature:				Importance:
1. X221.145697021484_5.67329999999999	0.09910942101599077
2. X110.021347529187_9.98922890528905	0.05807725263848321
3. X99.0133918469305_9.99074939061547	0.05175736652663561
4. X922.00978742327_0.798729365079364	0.047131323280196716
5. X307.260924727828_6.93982358024691	0.037558978039697814
6. X189.111734490645_3.08803657136669	0.03600670707033907
7. X149.059870661859_0.832815579710144	0.03495708005289666
8. avg_percent_humidity	0.0344788598234421
9. X680.478801727294_8.90505208333333	0.03197537073352903
10. X338.340748569973_8.40681924398625	0.029587997995195847
11. X463.300883573644_5.65371862745098	0.02838324650742977
12. X301.140323936939_6.29404296874999	0.02706200575282057
13. X261.109658767927_9.90742960199005	0.027000424634035073
14. X111.02174016799_9.9692627394636	0.020485528870881974
15. X381.296875476837_7.80113454861111	0.018869229581904564
16. X212.142776489257_6.34480833333333	0.01643706862158765
17. X262.11255980945_4.10148051912568	0.015797298106701302
18. X836.680339268275_9.06077857142857	0.014837987701093323
19. X256.262006528934_7.07576439121756	0.014235909523579093
20. X162.007940995065_0.771163157894736	0.01313932168906173
21. X709.55715560913_9.31162916666666	0.013001011562666644
22. X141.958495154309_9.9852594402985	0.012003818444003661
23. season=winter	0.011541362017060065
24. X651.219416618347_0.842869531249999	0.01110058046239377
25. X144.982311050405_9.93610765092649	0.01021211846999253
Number of features present: 100
Mean Absolute Error: 86.82 ADD
Coefficient of determination R^2 of the prediction: 0.29
Mean Absolute Error: 68.51 ADD
Coefficient of determination R^2 of the prediction: 0.44
Mean Absolute Error: 77.66 ADD
Coefficient of determination R^2 of the prediction: 0.35
SHSU train
{'bootstrap': False, 'max_depth': 16, 'max_features': 0.1, 'min_samples_split': 0.1, 'min_weight_fraction_leaf': 0.01}
The best mean error rate is 75.26
Number of steps performed: 21
Optimal number of features : 886
The best mean absolute error is: 74
Mean Absolute Error: 23.32 ADD
Coefficient of determination R^2 of the prediction: 0.93
Feature:				Importance:
1. X206.556623804001_9.99133170634921	0.04875559086102796
2. X297.147095491971_3.30133449298813	0.04678944531744487
3. X251.196778005923_5.72764201257861	0.03750690757450774
4. X477.24738794594_4.03016163446054	0.03666509151558245
5. X499.360019259982_7.61184777777777	0.03566064508651574
6. X414.32232697156_7.04033903061224	0.03484540480209577
7. X225.114074349403_3.50593388157894	0.025735323762808134
8. X367.208372476938_3.3484946509009	0.02237998123243861
9. X423.201229731241_3.12049305555555	0.019153171840733698
10. X309.204400017148_4.58222202380952	0.016278120012602187
11. X183.099236447439_1.40563036117381	0.01505013657260394
12. X387.235474527293_4.17417752873563	0.014497421881770776
13. X259.09375055893_4.15571666666667	0.013618368551909258
14. X354.317547607421_7.79306833333333	0.013370599460701179
15. X531.350206111027_6.29857871794871	0.011216246702539259
16. X256.242299876493_7.08653392156862	0.009877862392952165
17. X308.220965328732_3.73019024024023	0.009656691164190233
18. X753.583103179931_9.35410555555555	0.00895095334032365
19. avg_percent_humidity	0.008340032928868042
20. X217.142700433293_3.89640443425076	0.007924094498069844
21. X679.250625453044_6.06352903780068	0.007185923155943092
22. X577.225082602276_3.01076303131991	0.00707610571483246
23. X423.178458042584_6.48223559010363	0.006813286654696272
24. X281.246612658867_7.30952552083333	0.006489208386512205
25. X251.236148675103_6.38780398346486	0.006418320461051609
Number of features present: 886
Mean Absolute Error: 75.53 ADD
Coefficient of determination R^2 of the prediction: 0.53
SHSU full
{'bootstrap': False, 'max_depth': 4, 'max_features': 0.1, 'min_samples_split': 0.001, 'min_weight_fraction_leaf': 0.01}
The best mean error rate is 77.16
Number of steps performed: 21
Optimal number of features : 100
The best mean absolute error is: 76
Feature:				Importance:
1. X206.556623804001_9.99133170634921	0.07884959555226527
2. X88.0222981037237_9.98843888888888	0.07850255479350028
3. X100.510401916503_9.96895166666666	0.056458102927757076
4. X185.114917657514_2.91191178778574	0.052188207767514
5. X262.11255980945_4.10148051912568	0.05086155101344502
6. X212.142776489257_6.34480833333333	0.047482083752314934
7. X143.996791312365_9.98899552845528	0.042141406755873086
8. season=winter	0.03486208982207907
9. X685.433905029296_8.73697833333333	0.03366290069188469
10. X233.0779171328_0.826919029535864	0.025390873550796292
11. X337.103831061001_0.804000574712643	0.02198441956713883
12. X120.026037640041_9.96247614379085	0.019960252628811397
13. X880.707050030048_8.91229487179487	0.018864980898454113
14. X117.959781222873_9.96901018518518	0.018793390800557724
15. X158.153798192113_4.34759069069069	0.013424622917014883
16. X124.087145421101_9.9376647703549	0.012065028200534959
17. avg_percent_humidity	0.011212018046829154
18. X144.982311050405_9.93610765092649	0.011004538717949161
19. X301.140323936939_6.29404296874999	0.010126424841468367
20. X279.200911983366_6.27801989247311	0.009613486673580798
21. X354.317547607421_7.79306833333333	0.009588831681680064
22. X776.230580647786_9.04936111111111	0.00911393551523763
23. X355.251878044822_6.32539640151515	0.0088515197769734
24. X283.262279643568_7.70306372739017	0.008564888005559617
25. X243.135427263047_5.70126296296296	0.008470802161951929
Number of features present: 100
Mean Absolute Error: 76.4 ADD
Coefficient of determination R^2 of the prediction: 0.5
Mean Absolute Error: 66.89 ADD
Coefficient of determination R^2 of the prediction: 0.55
Mean Absolute Error: 71.63 ADD
Coefficient of determination R^2 of the prediction: 0.55
UTK train
{'bootstrap': False, 'max_depth': 8, 'max_features': 0.1, 'min_samples_split': 0.001, 'min_weight_fraction_leaf': 0.0001}
The best mean error rate is 57.9
Number of steps performed: 21
Optimal number of features : 100
The best mean absolute error is: 57
Mean Absolute Error: 4.8 ADD
Coefficient of determination R^2 of the prediction: 1.0
Feature:				Importance:
1. X149.059870661859_0.832815579710144	0.049870110075112786
2. X262.11255980945_4.10148051912568	0.04467593992281069
3. X338.340748569973_8.40681924398625	0.042383598161710966
4. X233.0779171328_0.826919029535864	0.03734501348920401
5. X195.098842242978_3.32083007075471	0.03722657774962474
6. X290.232265472412_4.77805	0.028270998872467545
7. X554.174249267578_7.68111333333333	0.02696693347705813
8. X185.114917657514_2.91191178778574	0.023618199268110065
9. X124.087094650268_9.08451966666666	0.023124565922709422
10. X124.087067921956_9.26737777777777	0.021758181908520996
11. X88.0222981037237_9.98843888888888	0.017458246026528897
12. X206.556623804001_9.99133170634921	0.017008028079386624
13. X381.296875476837_7.80113454861111	0.015528677860711482
14. X121.966570456097_9.93652897648685	0.01472904283479099
15. X143.996791312365_9.98899552845528	0.014433089110430846
16. X146.980500120921_9.93622090254707	0.014409136270697091
17. X315.122103782244_0.834238966588966	0.012213596503596364
18. X351.263639831542_7.01659055555555	0.012033805582800663
19. X354.317547607421_7.79306833333333	0.011928953135888012
20. X144.982311050405_9.93610765092649	0.011191977410085227
21. X272.254709097055_4.83356666666666	0.011167310453947156
22. X274.273324246483_4.69881899224806	0.010359392700800996
23. X101.071236603057_9.94047099400171	0.010248426532617257
24. X247.16604482941_9.94318677098151	0.009944974132627404
25. X340.356157395723_8.91587326258843	0.00990323701417627
Number of features present: 100
Mean Absolute Error: 53.04 ADD
Coefficient of determination R^2 of the prediction: 0.63
UTK full
{'bootstrap': False, 'max_depth': 8, 'max_features': 0.1, 'min_samples_split': 0.001, 'min_weight_fraction_leaf': 0.0001}
The best mean error rate is 51.95
Number of steps performed: 21
Optimal number of features : 100
The best mean absolute error is: 49
Feature:				Importance:
1. X261.109658767927_9.90742960199005	0.04982529598716415
2. X120.026037640041_9.96247614379085	0.049345296343283086
3. X124.087094650268_9.08451966666666	0.04185809099413026
4. X283.262279643568_7.70306372739017	0.03332821166861826
5. X189.111734490645_3.08803657136669	0.032212720206528905
6. X301.140323936939_6.29404296874999	0.030804609516204874
7. X100.510401916503_9.96895166666666	0.02728059581540132
8. X105.033750230485_9.991104004004	0.025782594823018055
9. X272.254709097055_4.83356666666666	0.022484093285443006
10. X279.200911983366_6.27801989247311	0.021440946678149223
11. X233.0779171328_0.826919029535864	0.019363699748370492
12. X146.980500120921_9.93622090254707	0.017670547526036074
13. X284.280573331392_7.746725	0.015593455677662474
14. X554.174249267578_7.68111333333333	0.014950039504347317
15. X141.958495154309_9.9852594402985	0.01486484481500513
16. X90.5246785074404_9.98934191456903	0.014466663832201935
17. X680.478801727294_8.90505208333333	0.013491548834700365
18. X196.145260620117_5.37962333333333	0.012409404825450887
19. avg_percent_humidity	0.0123287995270581
20. X929.688028971354_8.7254865079365	0.012262779608307914
21. X265.176673615284_5.30598444444444	0.012185357999455146
22. X463.300883573644_5.65371862745098	0.011041081645729494
23. X247.16604482941_9.94318677098151	0.010726764135475993
24. X121.966570456097_9.93652897648685	0.010100557281340176
25. X332.148698337742_0.846389822404371	0.010066971572965136
Number of features present: 100
Mean Absolute Error: 70.14 ADD
Coefficient of determination R^2 of the prediction: 0.39
Mean Absolute Error: 86.63 ADD
Coefficient of determination R^2 of the prediction: 0.28
Mean Absolute Error: 78.4 ADD
Coefficient of determination R^2 of the prediction: 0.39
