/projects/zburcham@colostate.edu/miniconda3/envs/ml_new/lib/python3.7/site-packages/sklearn/externals/joblib/__init__.py:15: FutureWarning: sklearn.externals.joblib is deprecated in 0.21 and will be removed in 0.23. Please import this functionality directly from joblib, which can be installed with: pip install joblib. If this warning is raised when loading pickled models, you may need to re-serialize those models with scikit-learn 0.21+.
  warnings.warn(msg, category=FutureWarning)
/projects/zburcham@colostate.edu/miniconda3/envs/ml_new/lib/python3.7/site-packages/skbio/util/_testing.py:15: FutureWarning: pandas.util.testing is deprecated. Use the functions in the public API at pandas.testing instead.
  import pandas.util.testing as pdt
{'bootstrap': False, 'max_depth': 4, 'max_features': 'log2', 'min_samples_split': 0.001, 'min_weight_fraction_leaf': 0.0001}
The best error rate is 67.69628452380948
Number of steps performed: 21
Optimal number of features : 3962
The best mean absolute error is: 67
Mean Absolute Error: 22.26 ADD
Coefficient of determination R^2 of the prediction: 0.74
Feature:				Importance:
1. X255.231118649466_7.12408511166254	0.011672247813971817
2. X386.289930479867_6.44190372023809	0.009508097931212411
3. X300.288733742453_4.75564670033669	0.00832802423170407
4. X296.251507945896_7.13072886597938	0.007430098461204711
5. X338.340824997771_8.0974091286307	0.007368658018723115
6. X412.304847263645_6.60969774774774	0.007314787993247421
7. X235.205081385695_5.54213672199169	0.007177233444171251
8. X227.199905720162_6.48423058510638	0.007089234686086179
9. X352.356264209747_8.29605718749999	0.0069936967544812325
10. X251.196778005923_5.72764201257861	0.006787671983581649
11. X317.207959036541_6.2034754985755	0.006745239321839426
12. X265.251858191667_7.72115745216515	0.006041494477250975
13. X384.273482786406_6.0241993883792	0.0058803216821401464
14. X235.167966570172_2.39874285714285	0.0055920118222745965
15. X324.292402283678_7.72840526528958	0.005513315125562942
16. X279.230757406719_6.39681497927768	0.005455437318312597
17. X309.27774895562_7.85120185185185	0.005306623974925017
18. X263.236333338818_7.31381844305119	0.005141161079950905
19. X326.340475453795_8.1965404290429	0.0050253826588571755
20. X323.200159743025_5.81599159159158	0.004982975443085709
21. X561.486425521525_7.31286241134752	0.004914978536088161
22. X237.220427340176_7.13047029360967	0.004908931253963362
23. avg_percent_humidity	0.004883248485327589
24. X315.28826453469_7.8770824810606	0.004871271069608541
25. X423.198344573555_6.28129336688014	0.004702117391191536
Number of features present: 3962
Mean Absolute Error: 72.0 ADD
Coefficient of determination R^2 of the prediction: -1.04
Mean Absolute Error: 83.06 ADD
Coefficient of determination R^2 of the prediction: -0.83
{'bootstrap': True, 'max_depth': 4, 'max_features': 'log2', 'min_samples_split': 0.1, 'min_weight_fraction_leaf': 0.0001}
The best error rate is 54.295475099206364
Number of steps performed: 21
Optimal number of features : 4402
The best mean absolute error is: 54
Mean Absolute Error: 35.9 ADD
Coefficient of determination R^2 of the prediction: 0.45
Feature:				Importance:
1. X223.09537516044_3.34094017372421	0.005888844140772092
2. X229.214820617717_6.95954829816202	0.004230457748664663
3. X375.24954891009_6.46547963723477	0.004110315257280202
4. X223.127297351815_2.96714713391136	0.004035707216609245
5. X212.097852656761_3.0861762919311	0.003914788054364045
6. X299.161897398418_3.15122003546099	0.0038429182486816064
7. X293.07795650009_5.53579628613245	0.003785659639992242
8. X493.154014551244_3.26611556082148	0.0036262708677445793
9. X265.140494495433_3.12109192307692	0.003590752472946223
10. X575.224563358714_4.08333647798742	0.0035131726704053564
11. X263.140283644655_2.98612235460993	0.0034937530495173967
12. X143.106671959869_1.35962517590149	0.0032015778176216762
13. X279.230997695859_5.90311805903647	0.0031916806706478763
14. X463.302077988133_6.45294206060607	0.003183650842853527
15. X679.250579317986_5.94491116478796	0.003169092858662003
16. X839.568887804199_6.62162564282375	0.003142089582341762
17. X230.069373562853_3.26562897570748	0.0031390388989857476
18. X291.085607428299_2.01115873113015	0.003133717207680297
19. X247.226246119012_6.96759794520547	0.0030932889973347365
20. X169.083052596884_3.02616638477801	0.0030877285777101224
21. X339.146673838297_3.46577268518518	0.0030735982978816073
22. X617.305116130111_7.58497887377172	0.003069455456818573
23. X356.108725106064_5.45671306413301	0.003060311312389257
24. X483.36867399511_7.78857055251973	0.0030577107524773985
25. X360.179552706805_6.08574106297349	0.003045748989117058
Number of features present: 4402
Mean Absolute Error: 90.08 ADD
Coefficient of determination R^2 of the prediction: -0.5
Mean Absolute Error: 67.25 ADD
Coefficient of determination R^2 of the prediction: -0.02
{'bootstrap': False, 'max_depth': 8, 'max_features': 0.1, 'min_samples_split': 0.001, 'min_weight_fraction_leaf': 0.0001}
The best error rate is 55.71177142857142
Number of steps performed: 21
Optimal number of features : 1102
The best mean absolute error is: 55
Mean Absolute Error: 0.27 ADD
Coefficient of determination R^2 of the prediction: 1.0
Feature:				Importance:
1. X265.14163928854_2.06567068965517	0.041263577934077485
2. X265.251858191667_7.72115745216515	0.03465160668650364
3. X157.085701922981_2.63029475623582	0.030946627414151946
4. X179.07127194361_3.01670156453715	0.030315548652140274
5. X568.216854394306_6.04218306451613	0.03025565865207352
6. avg_percent_humidity	0.028785080364469938
7. X251.236148675103_6.38780398346486	0.021087672231914135
8. X398.286603224904_5.37072105263157	0.018592051895358702
9. total_precipitation_cm	0.018020730996246747
10. X425.376410969994_8.22967955301949	0.017192167452772977
11. X221.13363901774_0.779422222222222	0.010617004934408527
12. X293.207282244148_4.86243524011299	0.01043100515470752
13. X353.22884937712_4.15044508410328	0.010386997585706567
14. X321.238836978206_6.20834275608376	0.0100983848761809
15. X615.458059911569_5.9068105893186	0.00959889682918319
16. X309.205121169219_5.24868322072072	0.009383743370988356
17. X293.209694592406_5.62261263632052	0.008444459109992137
18. X177.088306969332_4.29501168674698	0.007944549072257927
19. X167.071587396261_2.97813351126927	0.00753739763032809
20. X270.278182922606_7.326998937583	0.007511967894711379
21. X659.466867198114_8.10706111111111	0.007148891808275855
22. X291.085607428299_2.01115873113015	0.006951207351699566
23. X350.326551766231_6.91960801724138	0.006907121456284084
24. X242.217767125909_6.2767656060606	0.006258091148461104
25. X299.161897398418_3.15122003546099	0.0053453009216692295
Number of features present: 1102
Mean Absolute Error: 78.73 ADD
Coefficient of determination R^2 of the prediction: -0.22
Mean Absolute Error: 53.87 ADD
Coefficient of determination R^2 of the prediction: -0.1
{'bootstrap': False, 'max_depth': 8, 'max_features': 0.1, 'min_samples_split': 0.001, 'min_weight_fraction_leaf': 0.0001}
The best error rate is 47.76990079243654
Number of steps performed: 21
Optimal number of features : 3522
The best mean absolute error is: 46
Mean Absolute Error: 1.19 ADD
Coefficient of determination R^2 of the prediction: 1.0
Feature:				Importance:
1. X412.304847263645_6.60969774774774	0.06292003905758688
2. X386.289930479867_6.44190372023809	0.028969392078386256
3. X326.340475453795_8.1965404290429	0.022065849007738846
4. X183.137484168127_6.38530741167434	0.021915102947765646
5. X269.210000802471_5.71957425343018	0.017377181971655564
6. X303.226242012993_7.32083762886597	0.0169247585185129
7. X283.261846131269_6.46965379294957	0.0162948689121169
8. X415.2527671033_2.56285761154855	0.015545133275229713
9. X386.340668372388_8.18777602201257	0.014537256874030758
10. X352.356264209747_8.29605718749999	0.013853537014120199
11. X291.192945441943_5.72405805369127	0.012344416345628413
12. X281.246612658867_7.30952552083333	0.011181308446570976
13. X324.292402283678_7.72840526528958	0.01081362226331975
14. X107.05016949712_2.39438843537415	0.010592687050964921
15. X735.572795547057_7.31903878504673	0.00967953613209319
16. X503.305425647919_2.76754940600978	0.009387678473849297
17. X421.345274388512_8.6927665374677	0.009079957308567416
18. X455.335116408941_7.63195931758529	0.008618527574069602
19. X317.207594376036_6.07408407821229	0.006724488657620918
20. X233.077880526549_5.75915755033556	0.00661473651811694
21. X360.32468552285_8.09049592198581	0.0062925842642903365
22. X229.143098256473_3.97047656477438	0.005730285634431637
23. X175.096391116217_2.62781174684159	0.005204690329378623
24. X398.288799104236_3.94783373015872	0.005052519315633669
25. X354.371857869256_8.7059326460481	0.004966639545640892
Number of features present: 3522
Mean Absolute Error: 136.27 ADD
Coefficient of determination R^2 of the prediction: -0.62
Mean Absolute Error: 68.92 ADD
Coefficient of determination R^2 of the prediction: 0.29
{'bootstrap': False, 'max_depth': 4, 'max_features': 0.1, 'min_samples_split': 0.1, 'min_weight_fraction_leaf': 0.0001}
The best error rate is 76.28612654394497
Number of steps performed: 21
Optimal number of features : 100
The best mean absolute error is: 74
Mean Absolute Error: 16.99 ADD
Coefficient of determination R^2 of the prediction: 0.98
Feature:				Importance:
1. X282.27712487174_7.23317913752913	0.08710395614728442
2. avg_percent_humidity	0.07709045150487961
3. X331.283303892309_7.17624591429994	0.07063322192433183
4. X299.217921820212_5.27257112860892	0.03966563192569264
5. X270.278182922606_7.326998937583	0.03508439746793705
6. X702.213592529296_8.65421111111111	0.027999447242768743
7. X256.262006528934_7.07576439121756	0.023754632503450297
8. X212.142776489257_6.34480833333333	0.022222302101894305
9. X628.193651471819_8.20696904761904	0.02070503710521328
10. X354.317547607421_7.79306833333333	0.01991356461892332
11. X265.176673615284_5.30598444444444	0.01689220940582065
12. X554.174249267578_7.68111333333333	0.015593517881325656
13. X288.244890127609_4.86776044776119	0.013320792086506291
14. X355.251878044822_6.32539640151515	0.013284661967068755
15. X162.007940995065_0.771163157894736	0.01304278704090229
16. X309.274447491294_6.75140131578947	0.012628744590298448
17. X189.111734490645_3.08803657136669	0.01144115223008492
18. X207.174018859863_6.32188819444444	0.010733873975058985
19. X885.661954012784_8.61188181818181	0.010545132222986791
20. X381.296875476837_7.80113454861111	0.010172770019675783
21. X143.996791312365_9.98899552845528	0.009724649374437748
22. X120.026037640041_9.96247614379085	0.009259084893246398
23. X776.230580647786_9.04936111111111	0.009197009695118509
24. X230.247547912597_4.70871333333333	0.008909555463140567
25. X101.071236603057_9.94047099400171	0.008710388715614087
Number of features present: 100
Mean Absolute Error: 130.84 ADD
Coefficient of determination R^2 of the prediction: -5.98
Mean Absolute Error: 74.43 ADD
Coefficient of determination R^2 of the prediction: 0.39
{'bootstrap': False, 'max_depth': 16, 'max_features': 0.1, 'min_samples_split': 0.001, 'min_weight_fraction_leaf': 0.0001}
The best error rate is 53.41728836067707
Number of steps performed: 21
Optimal number of features : 222
The best mean absolute error is: 52
Mean Absolute Error: 0.0 ADD
Coefficient of determination R^2 of the prediction: 1.0
Feature:				Importance:
1. X530.356170654296_4.059053125	0.04902978246042464
2. X261.109661647251_3.94843809523809	0.04709903565644155
3. X469.344131469726_4.11589345238095	0.04064310383473628
4. X187.131099700927_3.79835657894736	0.03823668983818392
5. X702.213592529296_8.65421111111111	0.03330975554971889
6. X333.155742427608_5.4091094094094	0.032656200939687616
7. X121.966570456097_9.93652897648685	0.030368019733129747
8. X679.445747944846_5.32295348258706	0.02755424983002302
9. X265.176673615284_5.30598444444444	0.02730401435175759
10. X378.301116294049_7.10551879432624	0.025214711817827102
11. X285.130411970204_2.98537077346743	0.023541646108527152
12. X440.325004577636_4.08458333333333	0.01854752186519425
13. X228.122982114413_3.26381284451378	0.01754662480361292
14. X469.14760963839_4.57910787212535	0.014313433504320794
15. X181.08434772298_3.80427119675456	0.01259798161310843
16. X419.275898273174_6.45765166266026	0.012580399191264507
17. X338.340748569973_8.40681924398625	0.009575061672365544
18. X437.234869548252_2.55942667748917	0.009554653508778616
19. X425.311016082763_4.06655	0.009548643193610864
20. X197.081105648362_2.62669706723891	0.009299932720468543
21. X922.00978742327_0.798729365079364	0.009045211932872202
22. X319.223623210287_6.37895026697177	0.008988562461139746
23. X500.361103057861_4.41277395833333	0.008375958734068628
24. X307.203927993774_3.88057708333333	0.008162099125249277
25. X367.189450539981_6.76559709803921	0.008075891455260895
Number of features present: 222
Mean Absolute Error: 37.75 ADD
Coefficient of determination R^2 of the prediction: 0.44
Mean Absolute Error: 100.0 ADD
Coefficient of determination R^2 of the prediction: 0.04
{'bootstrap': False, 'max_depth': 8, 'max_features': 0.1, 'min_samples_split': 0.1, 'min_weight_fraction_leaf': 0.0001}
The best error rate is 123.77383396358535
Number of steps performed: 21
Optimal number of features : 1102
The best mean absolute error is: 122
Mean Absolute Error: 6.98 ADD
Coefficient of determination R^2 of the prediction: 0.99
Feature:				Importance:
1. X157.085701922981_2.63029475623582	0.05144165571882607
2. X256.262006528934_7.07576439121756	0.044990895406630683
3. X270.278182922606_7.326998937583	0.04269120478006413
4. X190.049941062927_1.84115763888888	0.037253743334476265
5. X223.128096923828_3.35722466666666	0.03642858705646662
6. X499.360019259982_7.61184777777777	0.029782531466869367
7. X313.236414640852_5.21616860841424	0.02671351895478842
8. X282.27712487174_7.23317913752913	0.023809092952143188
9. X255.230970173856_5.7249102189781	0.021705866416969834
10. X146.980500120921_9.93622090254707	0.02117654929306964
11. X411.360941501642_9.65166696100074	0.01750923731097206
12. X659.354272893044_6.07544852507374	0.015345127582624542
13. X873.624663492838_9.29553333333333	0.014278402777541003
14. X427.299590301513_6.99224041666666	0.010688478620042723
15. X623.527201334635_9.62903888888888	0.010326233991637505
16. X324.292402283678_7.72840526528958	0.010303064699048093
17. X445.36346075508_7.56200898876404	0.010131377111477935
18. X370.254899668139_4.67038236434108	0.010094206800727394
19. X265.127281901041_3.50299272222222	0.009725444591013252
20. avg_percent_humidity	0.00713459248494872
21. X221.077850733334_2.21639787390029	0.006965488079577693
22. X347.255545402059_6.9443943877551	0.006605344936417657
23. X158.153798192113_4.34759069069069	0.006263418579391534
24. X303.122259140014_2.14927765151515	0.006052109765519776
25. X641.458188069661_8.69222422222222	0.005803415772550097
Number of features present: 1102
Mean Absolute Error: 103.61 ADD
Coefficient of determination R^2 of the prediction: 0.39
Mean Absolute Error: 72.41 ADD
Coefficient of determination R^2 of the prediction: 0.54
{'bootstrap': False, 'max_depth': 4, 'max_features': 'log2', 'min_samples_split': 0.1, 'min_weight_fraction_leaf': 0.0001}
The best error rate is 122.08250678619277
Number of steps performed: 21
Optimal number of features : 2202
The best mean absolute error is: 122
Mean Absolute Error: 46.89 ADD
Coefficient of determination R^2 of the prediction: 0.82
Feature:				Importance:
1. X713.515507897665_9.02604864341085	0.007928406714559098
2. X299.256905279868_6.73909269972451	0.006801583583685994
3. X267.159196894219_5.1175769503546	0.006480472689455665
4. X267.266993204752_6.3323	0.006052915777788966
5. X265.251858191667_7.72115745216515	0.006042403349187962
6. X973.714312235514_8.52685138888888	0.006042146301018745
7. X441.172490696998_2.28529097664543	0.005853604672306789
8. X263.236199361241_6.75818255885997	0.005335075961279891
9. X270.278182922606_7.326998937583	0.0052409284085215965
10. X485.21421786717_3.69879672619047	0.005218329392064399
11. X601.203429969581_6.52201672297296	0.005106941977345681
12. X575.217182231153_2.84308324786324	0.005046124106918461
13. X603.334788038579_5.21962307692307	0.0048272168446381524
14. X320.242130564219_6.70818644278606	0.0048104527210193985
15. X283.261846131269_6.46965379294957	0.004610842307781581
16. X336.221563165838_5.10773585858585	0.004606421394578362
17. X501.374366266264_7.31500685851319	0.0045769981815901965
18. X308.220965328732_3.73019024024023	0.004574902502835567
19. X693.454075025475_8.18097246376811	0.004555620760047389
20. X353.098175802348_5.57697390462358	0.004541298333199581
21. X205.122778459028_3.52189848484848	0.004452960777696967
22. X345.168652264369_2.96181257225433	0.004421583279590772
23. X324.292402283678_7.72840526528958	0.004374156696375991
24. X190.049941062927_1.84115763888888	0.004329674081377821
25. X473.342668709776_6.62609226627509	0.004221351283983988
Number of features present: 2202
Mean Absolute Error: 111.67 ADD
Coefficient of determination R^2 of the prediction: 0.2
Mean Absolute Error: 72.39 ADD
Coefficient of determination R^2 of the prediction: 0.57
{'bootstrap': False, 'max_depth': 4, 'max_features': 0.1, 'min_samples_split': 0.1, 'min_weight_fraction_leaf': 0.0001}
The best error rate is 45.12789662698449
Number of steps performed: 21
Optimal number of features : 2642
The best mean absolute error is: 44
Mean Absolute Error: 7.01 ADD
Coefficient of determination R^2 of the prediction: 1.0
Feature:				Importance:
1. X313.224569424715_4.5135306060606	0.06039509284683701
2. X192.137958241932_3.81698134328358	0.056693929256911794
3. X315.252313454945_6.30777899305555	0.05299926693276341
4. X269.210000802471_5.71957425343018	0.04756643685184951
5. X511.308966742621_7.68992407407407	0.040282647238546056
6. X385.223368202767_4.49307154471544	0.03398872349628995
7. X269.137012504531_3.49493093812375	0.03376667272107006
8. X265.251858191667_7.72115745216515	0.03176424864736214
9. X593.475317968081_6.39350464231354	0.030435074581595292
10. X629.436882225242_6.04209429429429	0.023001113671642124
11. X221.115237631448_3.71913922764227	0.022813088977048115
12. X179.142828954904_6.05723088467614	0.021161723187821217
13. X255.120865544186_3.04037329113923	0.018448931923661833
14. X339.2885337136_7.28315121212121	0.016589184717135563
15. X265.251786739268_6.47317440898345	0.012473301508471717
16. X313.235260009765_5.51844666666666	0.012452883419657623
17. X339.166324241488_4.97060767973856	0.012342470232730671
18. X341.304059024148_7.978558685446	0.011812329642658919
19. avg_percent_humidity	0.011598732991843174
20. X493.154014551244_3.26611556082148	0.011503753197605843
21. X559.394709995814_5.72712106227106	0.010518274420243683
22. X325.234903594593_6.50192757201646	0.010493553412720126
23. X324.292402283678_7.72840526528958	0.009760074684277701
24. X412.304847263645_6.60969774774774	0.009485365474163154
25. X160.096918279474_2.28184191919191	0.00847096417866406
Number of features present: 2642
Mean Absolute Error: 140.77 ADD
Coefficient of determination R^2 of the prediction: -0.33
Mean Absolute Error: 131.15 ADD
Coefficient of determination R^2 of the prediction: -0.13
{'bootstrap': False, 'max_depth': None, 'max_features': 0.1, 'min_samples_split': 0.1, 'min_weight_fraction_leaf': 0.0001}
The best error rate is 51.19006904761903
Number of steps performed: 21
Optimal number of features : 1982
The best mean absolute error is: 51
Mean Absolute Error: 3.79 ADD
Coefficient of determination R^2 of the prediction: 0.99
Feature:				Importance:
1. avg_percent_humidity	0.0924653137664261
2. X605.219868139594_2.70488830734966	0.062367918130926986
3. X280.257338162126_5.69894798850574	0.05097891388605658
4. X653.365664395419_5.46632478354978	0.037438450533379304
5. X577.225082602276_3.01076303131991	0.03110769261723112
6. X305.135812741234_3.50155142857142	0.021873849297643765
7. X299.256905279868_6.73909269972451	0.02166984360712256
8. X298.273786351693_7.60156672587329	0.017004885140143443
9. X313.235049849706_4.15183788416075	0.016823270335524197
10. X233.077880526549_5.75915755033556	0.014247493897593222
11. X195.13316496976_4.15110439886481	0.013189145480823512
12. X177.088306969332_4.29501168674698	0.011963601325093252
13. X253.141735748888_5.64962416963225	0.011358834050961133
14. X369.224885953889_4.3640627039627	0.010370199955306242
15. X278.232427920935_5.38358899371069	0.009340470130954829
16. X423.127830358205_1.99578720812182	0.008279797498729206
17. X296.251507945896_7.13072886597938	0.00809607014408113
18. X296.251463185185_5.8872615942029	0.00771369462363292
19. X281.246712651746_6.76487611350574	0.007480920779350426
20. X211.204955993873_6.960255	0.0073116725155022155
21. X145.122288209013_4.5914267435475	0.007294703553772114
22. X369.260732368801_3.96188913043478	0.00729021791980489
23. X313.236401092986_5.28683901830283	0.007193208062976881
24. X421.351027429883_6.76435694704049	0.0069817764409872115
25. X229.214820617717_6.95954829816202	0.006425500456670653
Number of features present: 1982
Mean Absolute Error: 124.14 ADD
Coefficient of determination R^2 of the prediction: -1.3
Mean Absolute Error: 150.87 ADD
Coefficient of determination R^2 of the prediction: -1.54
{'bootstrap': False, 'max_depth': 4, 'max_features': 0.1, 'min_samples_split': 0.001, 'min_weight_fraction_leaf': 0.0001}
The best error rate is 57.746142752714974
Number of steps performed: 21
Optimal number of features : 2202
The best mean absolute error is: 56
Mean Absolute Error: 15.07 ADD
Coefficient of determination R^2 of the prediction: 0.96
Feature:				Importance:
1. X255.231118649466_7.12408511166254	0.05235891405494625
2. X256.262006528934_7.07576439121756	0.045650358352453305
3. X269.210000802471_5.71957425343018	0.044131027865421876
4. X300.288733742453_4.75564670033669	0.03349046732549528
5. X237.220427340176_7.13047029360967	0.029980772973253602
6. X265.251858191667_7.72115745216515	0.02645443885670064
7. X565.517636027714_7.72472345775013	0.023940021980979373
8. X412.304847263645_6.60969774774774	0.021232770104424932
9. X324.292402283678_7.72840526528958	0.02119649245809312
10. X304.233912389418_4.59893215686274	0.020739012856466513
11. X199.093797571518_3.00333529411764	0.019583940248765506
12. X764.622908158735_9.86315151515151	0.018989593860501794
13. avg_percent_humidity	0.017053480249554623
14. X265.176673615284_5.30598444444444	0.01686224028797466
15. X165.121379167605_3.75783611111111	0.016746228318519102
16. X277.213423203688_7.13919135897436	0.015906910703998908
17. X283.261846131269_6.46965379294957	0.013716646974632164
18. X454.331853230794_5.61546166666666	0.01371045195771517
19. X296.15188217163_2.85523697916666	0.011358622287388527
20. X205.106955429603_2.21482356321839	0.011188031627372991
21. X164.078658379113_4.0448647891963	0.010068005859901582
22. X307.161625581629_2.92726339869281	0.008841773444260802
23. X297.147095491971_3.30133449298813	0.008760198836565798
24. X307.105236264612_5.00813245182452	0.007655780142102274
25. X288.251313548977_5.31871101694915	0.007067772657070643
Number of features present: 2202
Mean Absolute Error: 92.58 ADD
Coefficient of determination R^2 of the prediction: -1.33
Mean Absolute Error: 91.24 ADD
Coefficient of determination R^2 of the prediction: 0.18
{'bootstrap': False, 'max_depth': 8, 'max_features': 0.1, 'min_samples_split': 0.001, 'min_weight_fraction_leaf': 0.0001}
The best error rate is 51.13617944444449
Number of steps performed: 21
Optimal number of features : 3522
The best mean absolute error is: 50
Mean Absolute Error: 0.03 ADD
Coefficient of determination R^2 of the prediction: 1.0
Feature:				Importance:
1. X230.170335788919_2.66187542087542	0.04998510790776406
2. X282.27712487174_7.23317913752913	0.04599530843304001
3. X647.397041165098_6.71784353741496	0.04001419180762595
4. X270.278182922606_7.326998937583	0.03872620651249979
5. X199.168938998518_4.8700408045977	0.026489064457643093
6. X190.143391011556_2.04550744444444	0.024677775801765292
7. X205.090799168178_2.42987238095238	0.023104634297819535
8. X615.461236307614_6.40095194218608	0.020197709122640007
9. X189.085761706034_2.40062673611111	0.019529334954772406
10. X296.18112898846_2.92915952380952	0.019360314446076735
11. X347.254719660832_7.55002799145298	0.01751500187750453
12. X265.176849365234_5.85407398373983	0.01512092733718227
13. X795.593866521661_9.90358939393939	0.014558534996437677
14. X211.096992074626_5.68030456621004	0.012435293562396489
15. X355.281575865664_6.63397062146892	0.011413961509425407
16. X469.14760963839_4.57910787212535	0.010028809683520932
17. X241.192658164284_3.56243106060606	0.008186785100702875
18. X283.261846131269_6.46965379294957	0.008116652550620204
19. X741.533804434317_7.47654197530864	0.007139365688211945
20. X805.526436941964_7.59461428571428	0.007004050855718854
21. X437.357432716771_5.38720219298245	0.006751745232290668
22. X173.08609687889_2.51023644688644	0.0067297971631381055
23. X561.375733926262_7.37337007042253	0.006721484287760269
24. X473.342668709776_6.62609226627509	0.006469042145081788
25. X369.262759923934_4.91877265625	0.00624642537138897
Number of features present: 3522
Mean Absolute Error: 62.82 ADD
Coefficient of determination R^2 of the prediction: -0.35
Mean Absolute Error: 99.16 ADD
Coefficient of determination R^2 of the prediction: -0.36
