/projects/zburcham@colostate.edu/miniconda3/envs/ml_new/lib/python3.7/site-packages/sklearn/externals/joblib/__init__.py:15: FutureWarning: sklearn.externals.joblib is deprecated in 0.21 and will be removed in 0.23. Please import this functionality directly from joblib, which can be installed with: pip install joblib. If this warning is raised when loading pickled models, you may need to re-serialize those models with scikit-learn 0.21+.
  warnings.warn(msg, category=FutureWarning)
/projects/zburcham@colostate.edu/miniconda3/envs/ml_new/lib/python3.7/site-packages/skbio/util/_testing.py:15: FutureWarning: pandas.util.testing is deprecated. Use the functions in the public API at pandas.testing instead.
  import pandas.util.testing as pdt
winter train
{'bootstrap': False, 'max_depth': None, 'max_features': 0.1, 'min_samples_split': 0.1, 'min_weight_fraction_leaf': 0.0001}
The best mean error rate is 63.97
Number of steps performed: 21
Optimal number of features : 1105
The best mean absolute error is: 63
Mean Absolute Error: 10.93 ADD
Coefficient of determination R^2 of the prediction: 0.96
Feature:				Importance:
1. X321.137153828397_3.57538116134751	0.03149404145289027
2. X186.13032503995_3.92765791666666	0.030828062124720352
3. X144.982311050405_9.93610765092649	0.027608787414336106
4. X526.43027396824_6.5987268115942	0.02061625218384707
5. X190.143391011556_2.04550744444444	0.017670955802399586
6. X256.262006528934_7.07576439121756	0.017355378439662214
7. X146.980500120921_9.93622090254707	0.017135423750386295
8. X399.307032585144_6.645	0.013786725183042966
9. X481.280668887501_7.45620075895568	0.01236697290966781
10. X206.138207382296_3.08690609040717	0.012349237240406161
11. X265.137867211744_3.06717971516551	0.012082579979327619
12. X657.366051360443_3.00459157925408	0.01181840150019092
13. X423.198344573555_6.28129336688014	0.0116212173729206
14. X197.083854626308_2.21905591225254	0.011540678468520553
15. X247.226246119012_6.96759794520547	0.011130104985036894
16. X459.3229599577_8.07149021464647	0.010889307952613458
17. X346.257596826827_3.55504612923864	0.010384601046715137
18. X401.216524658203_4.07058199999999	0.01004175042696916
19. X367.208372476938_3.3484946509009	0.009543040939905002
20. X523.359637607672_7.76792004273504	0.008636941965178752
21. X181.085657293146_3.50449417862838	0.00827911408078533
22. X223.09537516044_3.34094017372421	0.007519563101848092
23. X233.225787388194_6.47904537878787	0.007125552723700242
24. X195.098852603876_3.7230375449964	0.006842051423948535
25. X313.236401092986_5.28683901830283	0.006440006951178843
Number of features present: 1105
Mean Absolute Error: 48.4 ADD
Coefficient of determination R^2 of the prediction: 0.05
winter full
{'bootstrap': False, 'max_depth': 16, 'max_features': 'sqrt', 'min_samples_split': 0.1, 'min_weight_fraction_leaf': 0.0001}
The best error rate is 65.54779619815668
Number of steps performed: 21
Optimal number of features : 2645
The best mean absolute error is: 65
Feature:				Importance:
1. facility=CMU	0.014153683481703632
2. X261.220673953785_6.41654411764705	0.011504558530828135
3. X665.200086514625_5.47305961538461	0.011212979198671535
4. X641.482125022194_6.54448181818181	0.010895394653500753
5. X360.309793381463_6.03209206349206	0.010722770539056606
6. X281.246612658867_7.30952552083333	0.01062633369444854
7. X255.231118649466_7.12408511166254	0.008891349615899649
8. X299.256905279868_6.73909269972451	0.008683315513192888
9. X391.283118041635_8.39087904483431	0.00857020696460092
10. X256.262006528934_7.07576439121756	0.008208807650780163
11. X338.340748569973_8.40681924398625	0.008191446119269554
12. X277.213423203688_7.13919135897436	0.008179462782578376
13. X144.982311050405_9.93610765092649	0.008133476869221149
14. X466.375765924868_6.9817286231884	0.007868143260267623
15. X408.294707767547_4.07248888888888	0.007653784616832386
16. X751.554597553454_8.5649529239766	0.007464457262816587
17. X429.371018495664_7.57458413919414	0.007282208099757567
18. X209.081737897783_3.06739120855148	0.007260425403930165
19. X237.220427340176_7.13047029360967	0.007213205559093355
20. X186.13032503995_3.92765791666666	0.006888644830924786
21. X565.517636027714_7.72472345775013	0.006843399438500097
22. X269.210000802471_5.71957425343018	0.006727228352530172
23. X146.980500120921_9.93622090254707	0.006294509923460475
24. X217.143071644341_4.28746691542288	0.00608550676522685
25. X223.0969552087_4.67388333333333	0.005637271966340141
Number of features present: 2645
Mean Absolute Error: 80.01 ADD
Coefficient of determination R^2 of the prediction: 0.16
Mean Absolute Error: 139.15 ADD
Coefficient of determination R^2 of the prediction: -0.39
Mean Absolute Error: 74.85 ADD
Coefficient of determination R^2 of the prediction: 0.35
Mean Absolute Error: 97.68 ADD
Coefficient of determination R^2 of the prediction: 0.09
spring train
{'bootstrap': False, 'max_depth': 4, 'max_features': 0.1, 'min_samples_split': 0.001, 'min_weight_fraction_leaf': 0.0001}
The best mean error rate is 56.47
Number of steps performed: 21
Optimal number of features : 1985
The best mean absolute error is: 56
Mean Absolute Error: 22.39 ADD
Coefficient of determination R^2 of the prediction: 0.95
Feature:				Importance:
1. X435.295614166033_6.00104928182267	0.07612738824124428
2. X270.278182922606_7.326998937583	0.06506898184733581
3. X379.295708933184_7.85749543010752	0.05612492131764139
4. X321.239633623337_6.64616429359823	0.04842579631603271
5. X337.104194335937_6.35179599999999	0.0429551710775911
6. X1001.74510192871_9.82287916666666	0.03460874341983992
7. X369.296479637943_7.37038362354892	0.034433766230201134
8. X724.554520145539_8.60724569892473	0.028261726819644627
9. X282.27712487174_7.23317913752913	0.02822575262693301
10. X131.106726289205_4.06157245131729	0.027653338049704577
11. X708.559577094184_9.02592361111111	0.02288438450070441
12. X305.136203163548_3.0884370614035	0.015274026961475742
13. X399.270647188512_6.32162621951219	0.01328429353547661
14. X415.265177712511_5.5964395522388	0.011589650437748794
15. X482.363326814439_6.3075787037037	0.011299406253826534
16. X565.517636027714_7.72472345775013	0.011061761077772871
17. X840.637017733808_8.9037729468599	0.01102027565960663
18. X265.251858191667_7.72115745216515	0.009632496994970473
19. X625.451105511377_6.90342407407407	0.009588182012565779
20. X585.38332529537_4.98447622950819	0.008832458392597251
21. X857.631141662597_9.73434074074074	0.008768367206152131
22. X159.137766496758_5.05719578947368	0.008628909969110568
23. X525.269295187557_2.98420588235294	0.007881335030248038
24. X309.205121169219_5.24868322072072	0.007143357151678403
25. X377.288010989918_6.30370465686274	0.006945951596000011
Number of features present: 1985
Mean Absolute Error: 58.26 ADD
Coefficient of determination R^2 of the prediction: 0.55
spring full
{'bootstrap': False, 'max_depth': 16, 'max_features': 0.1, 'min_samples_split': 0.001, 'min_weight_fraction_leaf': 0.01}
The best error rate is 54.831783787975915
Number of steps performed: 21
Optimal number of features : 225
The best mean absolute error is: 54
Feature:				Importance:
1. X329.147227360652_3.19632051282051	0.06599494844591094
2. X162.006880533351_9.98314104252401	0.050883490542421986
3. X155.106634796142_4.29673321333332	0.04115862967466142
4. X702.213592529296_8.65421111111111	0.031982039026050915
5. X267.155462431215_2.93422489626556	0.0316159332522123
6. X440.325004577636_4.08458333333333	0.031302685885416265
7. X652.222694937638_5.41493937007874	0.030183117038189138
8. X463.302077988133_6.45294206060607	0.029939519841299098
9. X231.158516312012_5.65333373435995	0.021102382595790305
10. X469.14760963839_4.57910787212535	0.019761144201861158
11. X245.137789608755_2.98527268385864	0.019350546829315734
12. X601.351722240447_4.34274453125	0.01806692672698525
13. X297.241296932397_6.37728866813834	0.01605148424314522
14. X155.106590406138_3.54257160493827	0.012903546753612799
15. X373.220279279436_3.10578817142857	0.011918152861644278
16. X309.162463188171_3.20002760416666	0.011332462319405294
17. X561.471424549947_6.20823958031838	0.009868927058000928
18. X229.214820617717_6.95954829816202	0.009500196379022323
19. X651.219416618347_0.842869531249999	0.008342959176553097
20. X230.069373562853_3.26562897570748	0.007465297389277243
21. X344.156682288585_5.93014153757889	0.007359524839865867
22. X232.152069091796_4.00226166666666	0.006775480385132278
23. X472.286019461495_3.90063095238095	0.006675195982130545
24. X195.098842242978_3.32083007075471	0.006643360865175603
25. X425.213803972516_6.78795595238095	0.006403212284456036
Number of features present: 225
Mean Absolute Error: 56.61 ADD
Coefficient of determination R^2 of the prediction: 0.17
Mean Absolute Error: 95.55 ADD
Coefficient of determination R^2 of the prediction: 0.29
Mean Absolute Error: 63.78 ADD
Coefficient of determination R^2 of the prediction: 0.58
Mean Absolute Error: 71.8 ADD
Coefficient of determination R^2 of the prediction: 0.52
summer train
{'bootstrap': False, 'max_depth': 4, 'max_features': 0.1, 'min_samples_split': 0.001, 'min_weight_fraction_leaf': 0.0001}
The best mean error rate is 95.22
Number of steps performed: 21
Optimal number of features : 100
The best mean absolute error is: 93
Mean Absolute Error: 34.54 ADD
Coefficient of determination R^2 of the prediction: 0.9
Feature:				Importance:
1. X351.263639831542_7.01659055555555	0.07544703313968432
2. X301.140323936939_6.29404296874999	0.06731333773027373
3. X230.247547912597_4.70871333333333	0.04688364133889055
4. X146.980500120921_9.93622090254707	0.03393886741100046
5. X247.16604482941_9.94318677098151	0.033873791981788484
6. X680.478801727294_8.90505208333333	0.03380483063122081
7. X233.0779171328_0.826919029535864	0.030253478770505375
8. X117.959781222873_9.96901018518518	0.02572393665471714
9. X463.300883573644_5.65371862745098	0.02391738584154134
10. X278.189859650704_4.10320385434824	0.023188290347095235
11. X274.273324246483_4.69881899224806	0.022502566862755362
12. X144.982311050405_9.93610765092649	0.020905194729420273
13. X88.0222981037237_9.98843888888888	0.02018541922487526
14. X121.966570456097_9.93652897648685	0.01985895996929399
15. X272.254709097055_4.83356666666666	0.019585151734065186
16. X355.251878044822_6.32539640151515	0.019566235828621603
17. X792.654015435112_9.20432037037037	0.0186617383911529
18. X162.006880533351_9.98314104252401	0.015110336475346004
19. X309.274447491294_6.75140131578947	0.014544078937600872
20. X90.5246785074404_9.98934191456903	0.01292767347654763
21. X187.132559969724_3.54547162954278	0.012680022173615732
22. X207.174018859863_6.32188819444444	0.010619094846353715
23. X101.071236603057_9.94047099400171	0.010365708184779835
24. X124.087145421101_9.9376647703549	0.010267533357884148
25. X685.433905029296_8.73697833333333	0.010207809845505823
Number of features present: 100
Mean Absolute Error: 81.88 ADD
Coefficient of determination R^2 of the prediction: 0.57
summer full
{'bootstrap': False, 'max_depth': 4, 'max_features': 0.1, 'min_samples_split': 0.001, 'min_weight_fraction_leaf': 0.01}
The best error rate is 81.81075738323182
Number of steps performed: 21
Optimal number of features : 100
The best mean absolute error is: 80
Feature:				Importance:
1. X230.247547912597_4.70871333333333	0.08762478725327705
2. X88.0222981037237_9.98843888888888	0.08454890535375494
3. X162.006880533351_9.98314104252401	0.049280581510001926
4. X117.959781222873_9.96901018518518	0.04556232795371485
5. X195.098842242978_3.32083007075471	0.038592356304384914
6. X885.662104067595_8.90599927536232	0.037887705587000886
7. X185.114917657514_2.91191178778574	0.03657571555608631
8. X628.193651471819_8.20696904761904	0.032130296158943514
9. X536.164774576822_9.58509888888888	0.027680785806710864
10. X463.300883573644_5.65371862745098	0.02466484316740139
11. X381.296875476837_7.80113454861111	0.023888274887742336
12. X278.189859650704_4.10320385434824	0.023283988028163612
13. X120.026037640041_9.96247614379085	0.021191988545621872
14. X187.132559969724_3.54547162954278	0.019149277700446585
15. X206.556623804001_9.99133170634921	0.0163652481247177
16. X307.260924727828_6.93982358024691	0.015505992828574615
17. X274.273324246483_4.69881899224806	0.013523204261900887
18. X331.283303892309_7.17624591429994	0.012464296788099165
19. X261.109658767927_9.90742960199005	0.011563718132394
20. X341.267040165326_6.65812035623409	0.010551272134082731
21. X247.16604482941_9.94318677098151	0.010067665955606478
22. X121.966570456097_9.93652897648685	0.008997636177707675
23. X279.200911983366_6.27801989247311	0.008814008500711408
24. X157.083571887103_0.804737019036047	0.008561060023533447
25. X143.996791312365_9.98899552845528	0.00831241292545726
Number of features present: 100
Mean Absolute Error: 62.86 ADD
Coefficient of determination R^2 of the prediction: 0.06
Mean Absolute Error: 74.74 ADD
Coefficient of determination R^2 of the prediction: 0.43
Mean Absolute Error: 80.72 ADD
Coefficient of determination R^2 of the prediction: 0.35
Mean Absolute Error: 72.75 ADD
Coefficient of determination R^2 of the prediction: 0.39
fall train
{'bootstrap': False, 'max_depth': 8, 'max_features': 'sqrt', 'min_samples_split': 0.001, 'min_weight_fraction_leaf': 0.0001}
The best mean error rate is 74.37
Number of steps performed: 21
Optimal number of features : 1765
The best mean absolute error is: 74
Mean Absolute Error: 4.22 ADD
Coefficient of determination R^2 of the prediction: 1.0
Feature:				Importance:
1. X438.377493030528_6.89056823181048	0.01767151099364369
2. X367.208372476938_3.3484946509009	0.010376959506989143
3. X317.267073197798_5.38109242424242	0.009376956038488588
4. X400.310084025065_6.77772929292929	0.00888355657085014
5. X536.164774576822_9.58509888888888	0.008230317734299577
6. X116.107212956746_2.43620701388888	0.008179513500481062
7. X619.423130915715_6.25267948717948	0.00811477707321114
8. X258.205304505395_3.60571584699453	0.00808135291654923
9. X652.410604149404_3.00443468013468	0.007923200843125833
10. X268.10715982649_3.15105185185185	0.007033708940823382
11. X164.078658379113_4.0448647891963	0.0064089154595747795
12. X534.232515207926_5.82127157407407	0.006104567608232372
13. X542.387449322324_5.6150553030303	0.006102455670445345
14. X187.131099700927_3.79835657894736	0.005909160735076161
15. X779.511404464493_6.84301044776119	0.005907149050620148
16. X221.077850733334_2.21639787390029	0.005893075961575188
17. X279.230757406719_6.39681497927768	0.005841688383371852
18. X633.341476440429_3.48447083333333	0.005675554893089724
19. X736.591151083669_9.43241370967741	0.005630544780111347
20. X421.320087232087_6.30623728070175	0.005551704812818828
21. X527.372909182594_7.93785694444444	0.005381713477510544
22. X415.219428455128_3.26880036764705	0.005264284148272999
23. X369.262608002119_5.74271132286995	0.0052630201378966865
24. X277.164467947823_4.57559285714285	0.005214521553947643
25. X483.36867399511_7.78857055251973	0.005064003821544512
Number of features present: 1765
Mean Absolute Error: 64.5 ADD
Coefficient of determination R^2 of the prediction: 0.62
fall full
{'bootstrap': False, 'max_depth': 8, 'max_features': 0.1, 'min_samples_split': 0.001, 'min_weight_fraction_leaf': 0.01}
The best error rate is 60.69539025297617
Number of steps performed: 21
Optimal number of features : 3745
The best mean absolute error is: 60
Feature:				Importance:
1. X300.288733742453_4.75564670033669	0.06356147588590258
2. X566.460565185546_8.16069333333333	0.041608493577981194
3. X429.328949561485_4.33546552706552	0.029807727740462427
4. X412.304847263645_6.60969774774774	0.02958929104373776
5. X265.251786739268_6.47317440898345	0.027932186961628556
6. X386.289930479867_6.44190372023809	0.023209945313044253
7. X269.210000802471_5.71957425343018	0.01927000074884762
8. X319.223587733443_5.90276478494623	0.01728493595135576
9. X283.261846131269_6.46965379294957	0.017150324194579798
10. X352.356264209747_8.29605718749999	0.01587098623991348
11. X341.304059024148_7.978558685446	0.01341618391412368
12. facility=SHSU	0.01205071164561163
13. X338.340748569973_8.40681924398625	0.011500387458791663
14. X565.517636027714_7.72472345775013	0.011107065898544405
15. X192.137958241932_3.81698134328358	0.010821954189972803
16. X605.219868139594_2.70488830734966	0.01056371990271019
17. X324.292402283678_7.72840526528958	0.009376007943799924
18. X235.205081385695_5.54213672199169	0.009363862780480611
19. X328.283489266621_6.07409948453607	0.008818577897573588
20. X377.324868937802_6.77922911373261	0.007866429691169765
21. X509.403101166333_6.73130468643489	0.007843980620269092
22. X223.0969552087_4.67388333333333	0.007240212541279663
23. X228.23079588292_6.35603299435028	0.006706832101861993
24. X247.16604482941_9.94318677098151	0.006071241773806831
25. X495.305706569126_8.43864166666666	0.005965497234737519
Number of features present: 3745
Mean Absolute Error: 54.7 ADD
Coefficient of determination R^2 of the prediction: 0.1
Mean Absolute Error: 60.76 ADD
Coefficient of determination R^2 of the prediction: 0.48
Mean Absolute Error: 115.87 ADD
Coefficient of determination R^2 of the prediction: 0.04
Mean Absolute Error: 76.73 ADD
Coefficient of determination R^2 of the prediction: 0.38
