/projects/zburcham@colostate.edu/miniconda3/envs/ml_new/lib/python3.7/site-packages/sklearn/externals/joblib/__init__.py:15: FutureWarning: sklearn.externals.joblib is deprecated in 0.21 and will be removed in 0.23. Please import this functionality directly from joblib, which can be installed with: pip install joblib. If this warning is raised when loading pickled models, you may need to re-serialize those models with scikit-learn 0.21+.
  warnings.warn(msg, category=FutureWarning)
/projects/zburcham@colostate.edu/miniconda3/envs/ml_new/lib/python3.7/site-packages/skbio/util/_testing.py:15: FutureWarning: pandas.util.testing is deprecated. Use the functions in the public API at pandas.testing instead.
  import pandas.util.testing as pdt
skin gen w meta
{'bootstrap': False, 'max_depth': None, 'max_features': 0.1, 'min_samples_split': 0.001, 'min_weight_fraction_leaf': 0.01}
The best mean error rate is 69.82
Number of steps performed: 21
Optimal number of features : 1109
The best mean absolute error is: 69
Mean Absolute Error: 18.44 ADD
Coefficient of determination R^2 of the prediction: 0.93
Feature:				Importance:
1. X551.318296505453_7.84141261384335	0.05441063664952421
2. X534.232515207926_5.82127157407407	0.052898904445246656
3. X311.220564489698_4.89126692607003	0.045312576511549595
4. X233.0779171328_0.826919029535864	0.03203452509658692
5. X354.317504882812_7.97480119047619	0.02943834645603754
6. X501.376995697021_7.76749033333333	0.027807813040510783
7. X357.271780477987_5.33586216216216	0.023424186551647908
8. X195.13316496976_4.15110439886481	0.022914555174337988
9. X264.180165204134_4.8363159090909	0.02193511883758848
10. X575.217182231153_2.84308324786324	0.01678115151121075
11. X442.327374776204_4.03044444444444	0.015279873360466543
12. X311.220503404405_4.49830333333333	0.01270423668355387
13. X155.106576385498_3.72426801234568	0.012143140898411533
14. X475.323189629448_2.94382407407407	0.011477718819658372
15. X435.295614166033_6.00104928182267	0.009269250410049938
16. X569.401438063829_7.71331867535287	0.009025182358000117
17. X291.120628805721_3.06037996323529	0.008857008183681426
18. X373.266136618221_4.6429612745098	0.008206710717579934
19. X205.085357570648_3.06156	0.00690186823467991
20. X149.059870661859_0.832815579710144	0.006889311850588497
21. X183.100056163051_1.94124532163742	0.006780049201804079
22. X536.164774576822_9.58509888888888	0.006484838870273719
23. X233.225787388194_6.47904537878787	0.005952532003347403
24. X291.194414991013_5.24763838652482	0.005168063181169202
25. X807.542554793819_7.44584892473118	0.005083902751643775
Number of features present: 1109
Mean Absolute Error: 55.27 ADD
Coefficient of determination R^2 of the prediction: 0.71
skin gen wo meta
{'bootstrap': False, 'max_depth': 8, 'max_features': 0.1, 'min_samples_split': 0.001, 'min_weight_fraction_leaf': 0.01}
The best mean error rate is 69.89
Number of steps performed: 21
Optimal number of features : 1320
The best mean absolute error is: 69
Mean Absolute Error: 27.45 ADD
Coefficient of determination R^2 of the prediction: 0.89
Feature:				Importance:
1. X607.236019558376_2.82623888888888	0.07187370409737898
2. X418.242865003678_6.29553274596182	0.05288077593370174
3. X957.447328016493_3.15047814814814	0.04191729760057981
4. X124.087145421101_9.9376647703549	0.04085127511433165
5. X451.272658996582_4.08308566666666	0.032572467493215435
6. X496.336723430736_5.81663153153152	0.029294236006689886
7. X351.212050713433_3.95188777777777	0.027697666890708707
8. X187.096011106995_2.23879881226053	0.02535914444851353
9. X315.251807106865_5.21308634259259	0.023584601431208708
10. X357.298879371499_7.22619842767295	0.01928802379132687
11. X561.471424549947_6.20823958031838	0.01656077385843106
12. X433.323065185546_8.86960333333333	0.015490373068691913
13. X307.203927993774_3.88057708333333	0.015269884482806861
14. X225.111412772919_2.58371601489757	0.013973636276468112
15. X321.137153828397_3.57538116134751	0.010849379278715605
16. X195.136670698199_5.32190847953216	0.009219962133104363
17. X124.087094650268_9.08451966666666	0.008509961555821184
18. X249.110778530317_2.70307443431272	0.007929625349771317
19. X321.239633623337_6.64616429359823	0.007639026711285433
20. X283.261846131269_6.46965379294957	0.007100675427726654
21. X221.13363901774_0.779422222222222	0.0068391879542533205
22. X297.147095491971_3.30133449298813	0.006378402910775894
23. X536.164774576822_9.58509888888888	0.006113350885185484
24. X283.18870577847_2.09870206812652	0.006042246377385036
25. X674.467054935923_5.62637865497076	0.0056182728464907565
Number of features present: 1320
Mean Absolute Error: 55.57 ADD
Coefficient of determination R^2 of the prediction: 0.71
